42.0563 	EXP 	DMN_BallTask: status = NOT_STARTED
42.5895 	EXP 	Created window1 = Window(allowGUI=False, allowStencil=False, autoLog=True, backendConf=UNKNOWN, backgroundFit=<method-wrapper '__getattribute__' of attributeSetter object at 0x72920cf765d0>, backgroundImage=<method-wrapper '__getattribute__' of attributeSetter object at 0x72920cf76570>, bitsMode=UNKNOWN, blendMode='avg', bpc=(8, 8, 8), color=array([-1, -1, -1]), colorSpace='rgb', depthBits=8, fullscr=True, gamma=None, gammaErrorPolicy='raise', infoMsg=UNKNOWN, lms=UNKNOWN, monitor=<psychopy.monitors.calibTools.Monitor object at 0x729204869d30>, multiSample=False, name='window1', numSamples=2, pos=[np.float64(0.0), np.float64(0.0)], screen=1, size=array([1920, 1080]), stencilBits=0, stereo=False, title='PsychoPy', units='norm', useFBO=True, useRetina=False, viewOri=0.0, viewPos=None, viewScale=None, waitBlanking=True, winType='pyglet')
42.5895 	EXP 	window1: backgroundImage = None
42.5895 	EXP 	window1: backgroundFit = 'cover'
42.5900 	EXP 	window1: Attempting to measure frame rate of screen (1) ...
42.5900 	EXP 	window1: recordFrameIntervals = False
42.7560 	EXP 	window1: recordFrameIntervals = True
42.9394 	EXP 	Screen (1) actual frame rate measured at 59.99Hz
42.9394 	EXP 	window1: recordFrameIntervals = False
42.9618 	EXP 	Created text = TextStim(__class__=<class 'psychopy.visual.text.TextStim'>, alignHoriz=method-wrapper(...), alignText='center', alignVert=method-wrapper(...), anchorHoriz='center', anchorVert='center', antialias=True, autoDraw=False, autoLog=True, bold=False, color=array([1., 1., 1.]), colorSpace='rgb', contrast=1.0, depth=0.0, draggable=False, flipHoriz=False, flipVert=False, font='Liberation Sans', fontFiles=[], height=np.float64(0.06), italic=False, languageStyle='LTR', name='text', opacity=1, ori=0, pos=array([0. , 0.2]), rgb=UNKNOWN, text=str(...), units='norm', win=Window(...), wrapWidth=1.2)
42.9623 	EXP 	Created text = TextStim(__class__=<class 'psychopy.visual.text.TextStim'>, alignHoriz=method-wrapper(...), alignText='center', alignVert=method-wrapper(...), anchorHoriz='center', anchorVert='center', antialias=True, autoDraw=False, autoLog=True, bold=False, color=array([1., 1., 1.]), colorSpace='rgb', contrast=1.0, depth=0.0, draggable=False, flipHoriz=False, flipVert=False, font='Liberation Sans', fontFiles=[], height=0.06, italic=False, languageStyle='LTR', name='text', opacity=1, ori=0, pos=array([0., 0.]), rgb=UNKNOWN, text='', units='norm', win=Window(...), wrapWidth=1.2)
42.9694 	EXP 	Created waiting_for_trigger_text = TextStim(__class__=<class 'psychopy.visual.text.TextStim'>, alignHoriz=method-wrapper(...), alignText='center', alignVert=method-wrapper(...), anchorHoriz='center', anchorVert='center', antialias=True, autoDraw=False, autoLog=True, bold=False, color=array([1., 1., 1.]), colorSpace='rgb', contrast=1.0, depth=0.0, draggable=False, flipHoriz=False, flipVert=False, font='Liberation Sans', fontFiles=[], height=np.float64(0.1), italic=False, languageStyle='LTR', name='waiting_for_trigger_text', opacity=1, ori=0, pos=array([0., 0.]), rgb=UNKNOWN, text='waiting for scanner', units='norm', win=Window(...), wrapWidth=2)
42.9741 	EXP 	Created text_2 = TextStim(__class__=<class 'psychopy.visual.text.TextStim'>, alignHoriz=method-wrapper(...), alignText='center', alignVert=method-wrapper(...), anchorHoriz='center', anchorVert='center', antialias=True, autoDraw=False, autoLog=True, bold=False, color=array([1., 1., 1.]), colorSpace='rgb', contrast=1.0, depth=0.0, draggable=False, flipHoriz=False, flipVert=False, font='Liberation Sans', fontFiles=[], height=np.float64(0.3), italic=False, languageStyle='LTR', name='text_2', opacity=1, ori=0, pos=array([0., 0.]), rgb=UNKNOWN, text='+', units='norm', win=Window(...), wrapWidth=1)
42.9790 	EXP 	Created text_relax = TextStim(__class__=<class 'psychopy.visual.text.TextStim'>, alignHoriz=method-wrapper(...), alignText='center', alignVert=method-wrapper(...), anchorHoriz='center', anchorVert='center', antialias=True, autoDraw=False, autoLog=True, bold=False, color=array([1., 1., 1.]), colorSpace='rgb', contrast=1.0, depth=0.0, draggable=False, flipHoriz=False, flipVert=False, font='Liberation Sans', fontFiles=[], height=np.float64(0.07), italic=False, languageStyle='LTR', name='text_relax', opacity=1, ori=0, pos=array([ 0. , -0.2]), rgb=UNKNOWN, text='Relax', units='norm', win=Window(...), wrapWidth=1)
42.9807 	EXP 	Created text_4 = TextStim(__class__=<class 'psychopy.visual.text.TextStim'>, alignHoriz=method-wrapper(...), alignText='center', alignVert=method-wrapper(...), anchorHoriz='center', anchorVert='center', antialias=True, autoDraw=False, autoLog=True, bold=False, color=array([1., 1., 1.]), colorSpace='rgb', contrast=1.0, depth=-3.0, draggable=False, flipHoriz=False, flipVert=False, font='Liberation Sans', fontFiles=[], height=np.float64(0.1), italic=False, languageStyle='LTR', name='text_4', opacity=1, ori=0, pos=array([0., 0.]), rgb=UNKNOWN, text='default text', units='norm', win=Window(...), wrapWidth=1)
42.9856 	WARNING 	fillRGB parameter is deprecated. Please use lineColor and colorSpace instead
42.9856 	WARNING 	lineRGB parameter is deprecated. Please use lineColor and colorSpace instead
42.9888 	EXP 	Created unnamed Circle = Circle(__class__=<class 'psychopy.visual.circle.Circle'>, anchor=('center', 'center'), autoDraw=False, autoLog=True, closeShape=True, color=method-wrapper(...), colorSpace='rgb', contrast=None, depth=0, draggable=False, fillColor=array([0, 0, 0]), fillColorSpace='rgb', fillRGB=array([0, 0, 0]), interpolate=True, lineColor=array([ 1.,  1., -1.]), lineColorSpace='rgb', lineRGB=array([ 1,  1, -1]), lineWidth=2, name='unnamed Circle', opacity=1, ori=0.0, pos=array([0.        , 0.33333333]), size=array([1., 1.]), units='norm', vertices=ndarray(...), win=Window(...), windingRule=None)
42.9928 	WARNING 	fillRGB parameter is deprecated. Please use lineColor and colorSpace instead
42.9929 	WARNING 	lineRGB parameter is deprecated. Please use lineColor and colorSpace instead
42.9960 	EXP 	Created unnamed Circle = Circle(__class__=<class 'psychopy.visual.circle.Circle'>, anchor=('center', 'center'), autoDraw=False, autoLog=True, closeShape=True, color=method-wrapper(...), colorSpace='rgb', contrast=None, depth=0, draggable=False, fillColor=array([0, 0, 0]), fillColorSpace='rgb', fillRGB=array([0, 0, 0]), interpolate=True, lineColor=array([-1., -1.,  1.]), lineColorSpace='rgb', lineRGB=array([-1, -1,  1]), lineWidth=2, name='unnamed Circle', opacity=1, ori=0.0, pos=array([ 0.        , -0.33333333]), size=array([1., 1.]), units='norm', vertices=ndarray(...), win=Window(...), windingRule=None)
43.0000 	WARNING 	fillRGB parameter is deprecated. Please use lineColor and colorSpace instead
43.0001 	WARNING 	lineRGB parameter is deprecated. Please use lineColor and colorSpace instead
43.0031 	EXP 	Created unnamed Circle = Circle(__class__=<class 'psychopy.visual.circle.Circle'>, anchor=('center', 'center'), autoDraw=False, autoLog=True, closeShape=True, color=method-wrapper(...), colorSpace='rgb', contrast=None, depth=0, draggable=False, fillColor=array([1, 1, 1]), fillColorSpace='rgb', fillRGB=array([1, 1, 1]), interpolate=True, lineColor=array([1., 1., 1.]), lineColorSpace='rgb', lineRGB=array([1, 1, 1]), lineWidth=1.5, name='unnamed Circle', opacity=1, ori=0.0, pos=array([0., 0.]), size=array([1., 1.]), units='norm', vertices=ndarray(...), win=Window(...), windingRule=None)
43.0072 	WARNING 	fillRGB parameter is deprecated. Please use lineColor and colorSpace instead
43.0073 	WARNING 	lineRGB parameter is deprecated. Please use lineColor and colorSpace instead
43.0103 	EXP 	Created unnamed Circle = Circle(__class__=<class 'psychopy.visual.circle.Circle'>, anchor=('center', 'center'), autoDraw=False, autoLog=True, closeShape=True, color=method-wrapper(...), colorSpace='rgb', contrast=None, depth=0, draggable=False, fillColor=array([1, 1, 1]), fillColorSpace='rgb', fillRGB=array([1, 1, 1]), interpolate=True, lineColor=array([1., 1., 1.]), lineColorSpace='rgb', lineRGB=array([1, 1, 1]), lineWidth=3, name='unnamed Circle', opacity=1, ori=0.0, pos=array([0., 0.]), size=array([1., 1.]), units='norm', vertices=ndarray(...), win=Window(...), windingRule=None)
43.0123 	EXP 	Created instruct_text = TextStim(__class__=<class 'psychopy.visual.text.TextStim'>, alignHoriz=method-wrapper(...), alignText='center', alignVert=method-wrapper(...), anchorHoriz='center', anchorVert='center', antialias=True, autoDraw=False, autoLog=True, bold=False, color=array([1., 1., 1.]), colorSpace='rgb', contrast=1.0, depth=0.0, draggable=False, flipHoriz=False, flipVert=False, font='Liberation Sans', fontFiles=[], height=np.float64(0.06), italic=False, languageStyle='LTR', name='instruct_text', opacity=1, ori=0, pos=array([0., 0.]), rgb=UNKNOWN, text='replace me', units='norm', win=Window(...), wrapWidth=1.2)
43.0139 	EXP 	Created thank_you_end_run_text = TextStim(__class__=<class 'psychopy.visual.text.TextStim'>, alignHoriz=method-wrapper(...), alignText='center', alignVert=method-wrapper(...), anchorHoriz='center', anchorVert='center', antialias=True, autoDraw=False, autoLog=True, bold=False, color=array([1., 1., 1.]), colorSpace='rgb', contrast=1.0, depth=0.0, draggable=False, flipHoriz=False, flipVert=False, font='Liberation Sans', fontFiles=[], height=np.float64(0.1), italic=False, languageStyle='LTR', name='thank_you_end_run_text', opacity=1, ori=0, pos=array([0., 0.]), rgb=UNKNOWN, text='thank you!', units='norm', win=Window(...), wrapWidth=1)
43.0227 	EXP 	instruct_text: height = np.float64(0.06)
43.0227 	EXP 	instruct_text: height = np.float64(0.06)
43.0227 	EXP 	instruct_text: height = np.float64(0.06)
43.0227 	EXP 	instruct_text: text = 'Great job! Next, you’ll get to practice Noting for another 2.5min with more brain feedback from the ball. \n\nWhen the ball moves upwards, that corresponds to the Noting Practice.'
51.4229 	DATA 	Mouse: Left button down, pos=(1480,509)
51.5056 	DATA 	Mouse:  Left button up, pos=(1480,509)
51.6818 	DATA 	Keypress: space
51.6890 	EXP 	instruct_text: height = np.float64(0.06)
51.6890 	EXP 	instruct_text: height = np.float64(0.06)
51.6890 	EXP 	instruct_text: height = np.float64(0.06)
51.6890 	EXP 	instruct_text: text = 'You will see the plus sign (+) for 30 seconds at the start. Whenever you see the plus +,  please don’t practice Noting – just relax.\n\nOnce the circles appear, please start the Noting practice. This practice will last 2.5 min.'
51.9617 	DATA 	Keypress: space
51.9723 	EXP 	waiting_for_trigger_text: autoDraw = True
53.1724 	DATA 	Keypress: y
54.1390 	DATA 	Keypress: t
54.1562 	EXP 	waiting_for_trigger_text: autoDraw = False
54.1562 	EXP 	text_2: autoDraw = True
54.1562 	EXP 	text_relax: autoDraw = True
84.1565 	EXP 	text_2: autoDraw = False
84.1565 	EXP 	text_relax: autoDraw = False
84.1565 	EXP 	text_2: autoDraw = False
84.4568 	EXP 	unnamed Circle: fillColor = <class 'numpy.ndarray'>
84.4568 	EXP 	unnamed Circle: fillColor = <class 'numpy.ndarray'>
85.6596 	EXP 	unnamed Circle: fillColor = <class 'numpy.ndarray'>
85.6596 	EXP 	unnamed Circle: fillColor = <class 'numpy.ndarray'>
86.8567 	EXP 	unnamed Circle: fillColor = <class 'numpy.ndarray'>
86.8567 	EXP 	unnamed Circle: fillColor = <class 'numpy.ndarray'>
88.0732 	EXP 	unnamed Circle: fillColor = <class 'numpy.ndarray'>
88.0732 	EXP 	unnamed Circle: fillColor = <class 'numpy.ndarray'>
89.2740 	EXP 	unnamed Circle: fillColor = <class 'numpy.ndarray'>
89.2740 	EXP 	unnamed Circle: fillColor = <class 'numpy.ndarray'>
90.4762 	EXP 	unnamed Circle: fillColor = <class 'numpy.ndarray'>
90.4762 	EXP 	unnamed Circle: fillColor = <class 'numpy.ndarray'>
91.6766 	EXP 	unnamed Circle: fillColor = <class 'numpy.ndarray'>
91.6766 	EXP 	unnamed Circle: fillColor = <class 'numpy.ndarray'>
92.8905 	EXP 	unnamed Circle: fillColor = <class 'numpy.ndarray'>
92.8905 	EXP 	unnamed Circle: fillColor = <class 'numpy.ndarray'>
94.0905 	EXP 	unnamed Circle: fillColor = <class 'numpy.ndarray'>
94.0905 	EXP 	unnamed Circle: fillColor = <class 'numpy.ndarray'>
95.2929 	EXP 	unnamed Circle: fillColor = <class 'numpy.ndarray'>
95.2929 	EXP 	unnamed Circle: fillColor = <class 'numpy.ndarray'>
96.5072 	EXP 	unnamed Circle: fillColor = <class 'numpy.ndarray'>
96.5072 	EXP 	unnamed Circle: fillColor = <class 'numpy.ndarray'>
97.7067 	EXP 	unnamed Circle: fillColor = <class 'numpy.ndarray'>
97.7067 	EXP 	unnamed Circle: fillColor = <class 'numpy.ndarray'>
98.9073 	EXP 	unnamed Circle: fillColor = <class 'numpy.ndarray'>
98.9073 	EXP 	unnamed Circle: fillColor = <class 'numpy.ndarray'>
100.1098 	EXP 	unnamed Circle: fillColor = <class 'numpy.ndarray'>
100.1098 	EXP 	unnamed Circle: fillColor = <class 'numpy.ndarray'>
101.3234 	EXP 	unnamed Circle: fillColor = <class 'numpy.ndarray'>
101.3234 	EXP 	unnamed Circle: fillColor = <class 'numpy.ndarray'>
102.5230 	EXP 	unnamed Circle: fillColor = <class 'numpy.ndarray'>
102.5230 	EXP 	unnamed Circle: fillColor = <class 'numpy.ndarray'>
103.7240 	EXP 	unnamed Circle: fillColor = <class 'numpy.ndarray'>
103.7240 	EXP 	unnamed Circle: fillColor = <class 'numpy.ndarray'>
104.9265 	EXP 	unnamed Circle: fillColor = <class 'numpy.ndarray'>
104.9265 	EXP 	unnamed Circle: fillColor = <class 'numpy.ndarray'>
106.1401 	EXP 	unnamed Circle: fillColor = <class 'numpy.ndarray'>
106.1401 	EXP 	unnamed Circle: fillColor = <class 'numpy.ndarray'>
107.3407 	EXP 	unnamed Circle: fillColor = <class 'numpy.ndarray'>
107.3407 	EXP 	unnamed Circle: fillColor = <class 'numpy.ndarray'>
108.5407 	EXP 	unnamed Circle: fillColor = <class 'numpy.ndarray'>
108.5407 	EXP 	unnamed Circle: fillColor = <class 'numpy.ndarray'>
109.7431 	EXP 	unnamed Circle: fillColor = <class 'numpy.ndarray'>
109.7431 	EXP 	unnamed Circle: fillColor = <class 'numpy.ndarray'>
110.9571 	EXP 	unnamed Circle: fillColor = <class 'numpy.ndarray'>
110.9571 	EXP 	unnamed Circle: fillColor = <class 'numpy.ndarray'>
112.1569 	EXP 	unnamed Circle: fillColor = <class 'numpy.ndarray'>
112.1569 	EXP 	unnamed Circle: fillColor = <class 'numpy.ndarray'>
113.3598 	EXP 	unnamed Circle: fillColor = <class 'numpy.ndarray'>
113.3598 	EXP 	unnamed Circle: fillColor = <class 'numpy.ndarray'>
114.5598 	EXP 	unnamed Circle: fillColor = <class 'numpy.ndarray'>
114.5598 	EXP 	unnamed Circle: fillColor = <class 'numpy.ndarray'>
115.7741 	EXP 	unnamed Circle: fillColor = <class 'numpy.ndarray'>
115.7741 	EXP 	unnamed Circle: fillColor = <class 'numpy.ndarray'>
116.9742 	EXP 	unnamed Circle: fillColor = <class 'numpy.ndarray'>
116.9742 	EXP 	unnamed Circle: fillColor = <class 'numpy.ndarray'>
118.1736 	EXP 	unnamed Circle: fillColor = <class 'numpy.ndarray'>
118.1736 	EXP 	unnamed Circle: fillColor = <class 'numpy.ndarray'>
119.3737 	EXP 	unnamed Circle: fillColor = <class 'numpy.ndarray'>
119.3737 	EXP 	unnamed Circle: fillColor = <class 'numpy.ndarray'>
120.5736 	EXP 	unnamed Circle: fillColor = <class 'numpy.ndarray'>
120.5736 	EXP 	unnamed Circle: fillColor = <class 'numpy.ndarray'>
121.7909 	EXP 	unnamed Circle: fillColor = <class 'numpy.ndarray'>
121.7909 	EXP 	unnamed Circle: fillColor = <class 'numpy.ndarray'>
122.9909 	EXP 	unnamed Circle: fillColor = <class 'numpy.ndarray'>
122.9909 	EXP 	unnamed Circle: fillColor = <class 'numpy.ndarray'>
124.1935 	EXP 	unnamed Circle: fillColor = <class 'numpy.ndarray'>
124.1935 	EXP 	unnamed Circle: fillColor = <class 'numpy.ndarray'>
125.4070 	EXP 	unnamed Circle: fillColor = <class 'numpy.ndarray'>
125.4070 	EXP 	unnamed Circle: fillColor = <class 'numpy.ndarray'>
126.6076 	EXP 	unnamed Circle: fillColor = <class 'numpy.ndarray'>
126.6076 	EXP 	unnamed Circle: fillColor = <class 'numpy.ndarray'>
127.8078 	EXP 	unnamed Circle: fillColor = <class 'numpy.ndarray'>
127.8078 	EXP 	unnamed Circle: fillColor = <class 'numpy.ndarray'>
129.0101 	EXP 	unnamed Circle: fillColor = <class 'numpy.ndarray'>
129.0101 	EXP 	unnamed Circle: fillColor = <class 'numpy.ndarray'>
130.2243 	EXP 	unnamed Circle: fillColor = <class 'numpy.ndarray'>
130.2243 	EXP 	unnamed Circle: fillColor = <class 'numpy.ndarray'>
131.4240 	EXP 	unnamed Circle: fillColor = <class 'numpy.ndarray'>
131.4240 	EXP 	unnamed Circle: fillColor = <class 'numpy.ndarray'>
132.6238 	EXP 	unnamed Circle: fillColor = <class 'numpy.ndarray'>
132.6238 	EXP 	unnamed Circle: fillColor = <class 'numpy.ndarray'>
133.8238 	EXP 	unnamed Circle: fillColor = <class 'numpy.ndarray'>
133.8238 	EXP 	unnamed Circle: fillColor = <class 'numpy.ndarray'>
135.0238 	EXP 	unnamed Circle: fillColor = <class 'numpy.ndarray'>
135.0238 	EXP 	unnamed Circle: fillColor = <class 'numpy.ndarray'>
136.2412 	EXP 	unnamed Circle: fillColor = <class 'numpy.ndarray'>
136.2412 	EXP 	unnamed Circle: fillColor = <class 'numpy.ndarray'>
137.4572 	EXP 	unnamed Circle: fillColor = <class 'numpy.ndarray'>
137.4572 	EXP 	unnamed Circle: fillColor = <class 'numpy.ndarray'>
138.6407 	EXP 	unnamed Circle: fillColor = <class 'numpy.ndarray'>
138.6407 	EXP 	unnamed Circle: fillColor = <class 'numpy.ndarray'>
139.8568 	EXP 	unnamed Circle: fillColor = <class 'numpy.ndarray'>
139.8568 	EXP 	unnamed Circle: fillColor = <class 'numpy.ndarray'>
141.0581 	EXP 	unnamed Circle: fillColor = <class 'numpy.ndarray'>
141.0581 	EXP 	unnamed Circle: fillColor = <class 'numpy.ndarray'>
142.2600 	EXP 	unnamed Circle: fillColor = <class 'numpy.ndarray'>
142.2600 	EXP 	unnamed Circle: fillColor = <class 'numpy.ndarray'>
143.4602 	EXP 	unnamed Circle: fillColor = <class 'numpy.ndarray'>
143.4602 	EXP 	unnamed Circle: fillColor = <class 'numpy.ndarray'>
144.6745 	EXP 	unnamed Circle: fillColor = <class 'numpy.ndarray'>
144.6745 	EXP 	unnamed Circle: fillColor = <class 'numpy.ndarray'>
145.8745 	EXP 	unnamed Circle: fillColor = <class 'numpy.ndarray'>
145.8745 	EXP 	unnamed Circle: fillColor = <class 'numpy.ndarray'>
147.0906 	EXP 	unnamed Circle: fillColor = <class 'numpy.ndarray'>
147.0906 	EXP 	unnamed Circle: fillColor = <class 'numpy.ndarray'>
148.2740 	EXP 	unnamed Circle: fillColor = <class 'numpy.ndarray'>
148.2740 	EXP 	unnamed Circle: fillColor = <class 'numpy.ndarray'>
149.4912 	EXP 	unnamed Circle: fillColor = <class 'numpy.ndarray'>
149.4912 	EXP 	unnamed Circle: fillColor = <class 'numpy.ndarray'>
150.6936 	EXP 	unnamed Circle: fillColor = <class 'numpy.ndarray'>
150.6936 	EXP 	unnamed Circle: fillColor = <class 'numpy.ndarray'>
151.8936 	EXP 	unnamed Circle: fillColor = <class 'numpy.ndarray'>
151.8936 	EXP 	unnamed Circle: fillColor = <class 'numpy.ndarray'>
153.1079 	EXP 	unnamed Circle: fillColor = <class 'numpy.ndarray'>
153.1079 	EXP 	unnamed Circle: fillColor = <class 'numpy.ndarray'>
154.3081 	EXP 	unnamed Circle: fillColor = <class 'numpy.ndarray'>
154.3081 	EXP 	unnamed Circle: fillColor = <class 'numpy.ndarray'>
155.5079 	EXP 	unnamed Circle: fillColor = <class 'numpy.ndarray'>
155.5079 	EXP 	unnamed Circle: fillColor = <class 'numpy.ndarray'>
155.6736 	EXP 	unnamed Circle: fillColor = <class 'numpy.ndarray'>
155.6736 	EXP 	unnamed Circle: fillColor = <class 'numpy.ndarray'>
155.6903 	EXP 	unnamed Circle: fillColor = <class 'numpy.ndarray'>
155.6903 	EXP 	unnamed Circle: fillColor = <class 'numpy.ndarray'>
155.7075 	EXP 	unnamed Circle: fillColor = <class 'numpy.ndarray'>
155.7075 	EXP 	unnamed Circle: fillColor = <class 'numpy.ndarray'>
155.7245 	EXP 	unnamed Circle: fillColor = <class 'numpy.ndarray'>
155.7245 	EXP 	unnamed Circle: fillColor = <class 'numpy.ndarray'>
155.7408 	EXP 	unnamed Circle: fillColor = <class 'numpy.ndarray'>
155.7408 	EXP 	unnamed Circle: fillColor = <class 'numpy.ndarray'>
155.7574 	EXP 	unnamed Circle: fillColor = <class 'numpy.ndarray'>
155.7574 	EXP 	unnamed Circle: fillColor = <class 'numpy.ndarray'>
155.7743 	EXP 	unnamed Circle: fillColor = <class 'numpy.ndarray'>
155.7743 	EXP 	unnamed Circle: fillColor = <class 'numpy.ndarray'>
155.7909 	EXP 	unnamed Circle: fillColor = <class 'numpy.ndarray'>
155.7909 	EXP 	unnamed Circle: fillColor = <class 'numpy.ndarray'>
155.8076 	EXP 	unnamed Circle: fillColor = <class 'numpy.ndarray'>
155.8076 	EXP 	unnamed Circle: fillColor = <class 'numpy.ndarray'>
155.8241 	EXP 	unnamed Circle: fillColor = <class 'numpy.ndarray'>
155.8241 	EXP 	unnamed Circle: fillColor = <class 'numpy.ndarray'>
155.8407 	EXP 	unnamed Circle: fillColor = <class 'numpy.ndarray'>
155.8407 	EXP 	unnamed Circle: fillColor = <class 'numpy.ndarray'>
155.8576 	EXP 	unnamed Circle: fillColor = <class 'numpy.ndarray'>
155.8576 	EXP 	unnamed Circle: fillColor = <class 'numpy.ndarray'>
155.8743 	EXP 	unnamed Circle: fillColor = <class 'numpy.ndarray'>
155.8743 	EXP 	unnamed Circle: fillColor = <class 'numpy.ndarray'>
155.8910 	EXP 	unnamed Circle: fillColor = <class 'numpy.ndarray'>
155.8910 	EXP 	unnamed Circle: fillColor = <class 'numpy.ndarray'>
155.9076 	EXP 	unnamed Circle: fillColor = <class 'numpy.ndarray'>
155.9076 	EXP 	unnamed Circle: fillColor = <class 'numpy.ndarray'>
155.9243 	EXP 	unnamed Circle: fillColor = <class 'numpy.ndarray'>
155.9243 	EXP 	unnamed Circle: fillColor = <class 'numpy.ndarray'>
155.9408 	EXP 	unnamed Circle: fillColor = <class 'numpy.ndarray'>
155.9408 	EXP 	unnamed Circle: fillColor = <class 'numpy.ndarray'>
155.9574 	EXP 	unnamed Circle: fillColor = <class 'numpy.ndarray'>
155.9574 	EXP 	unnamed Circle: fillColor = <class 'numpy.ndarray'>
155.9741 	EXP 	unnamed Circle: fillColor = <class 'numpy.ndarray'>
155.9741 	EXP 	unnamed Circle: fillColor = <class 'numpy.ndarray'>
155.9908 	EXP 	unnamed Circle: fillColor = <class 'numpy.ndarray'>
155.9908 	EXP 	unnamed Circle: fillColor = <class 'numpy.ndarray'>
156.0074 	EXP 	unnamed Circle: fillColor = <class 'numpy.ndarray'>
156.0074 	EXP 	unnamed Circle: fillColor = <class 'numpy.ndarray'>
156.0241 	EXP 	unnamed Circle: fillColor = <class 'numpy.ndarray'>
156.0241 	EXP 	unnamed Circle: fillColor = <class 'numpy.ndarray'>
156.0408 	EXP 	unnamed Circle: fillColor = <class 'numpy.ndarray'>
156.0408 	EXP 	unnamed Circle: fillColor = <class 'numpy.ndarray'>
156.0574 	EXP 	unnamed Circle: fillColor = <class 'numpy.ndarray'>
156.0574 	EXP 	unnamed Circle: fillColor = <class 'numpy.ndarray'>
156.0741 	EXP 	unnamed Circle: fillColor = <class 'numpy.ndarray'>
156.0741 	EXP 	unnamed Circle: fillColor = <class 'numpy.ndarray'>
156.0908 	EXP 	unnamed Circle: fillColor = <class 'numpy.ndarray'>
156.0908 	EXP 	unnamed Circle: fillColor = <class 'numpy.ndarray'>
156.1074 	EXP 	unnamed Circle: fillColor = <class 'numpy.ndarray'>
156.1074 	EXP 	unnamed Circle: fillColor = <class 'numpy.ndarray'>
156.1241 	EXP 	unnamed Circle: fillColor = <class 'numpy.ndarray'>
156.1241 	EXP 	unnamed Circle: fillColor = <class 'numpy.ndarray'>
156.1408 	EXP 	unnamed Circle: fillColor = <class 'numpy.ndarray'>
156.1408 	EXP 	unnamed Circle: fillColor = <class 'numpy.ndarray'>
156.1574 	EXP 	unnamed Circle: fillColor = <class 'numpy.ndarray'>
156.1574 	EXP 	unnamed Circle: fillColor = <class 'numpy.ndarray'>
156.1741 	EXP 	unnamed Circle: fillColor = <class 'numpy.ndarray'>
156.1741 	EXP 	unnamed Circle: fillColor = <class 'numpy.ndarray'>
156.1908 	EXP 	unnamed Circle: fillColor = <class 'numpy.ndarray'>
156.1908 	EXP 	unnamed Circle: fillColor = <class 'numpy.ndarray'>
156.2074 	EXP 	unnamed Circle: fillColor = <class 'numpy.ndarray'>
156.2074 	EXP 	unnamed Circle: fillColor = <class 'numpy.ndarray'>
156.2241 	EXP 	unnamed Circle: fillColor = <class 'numpy.ndarray'>
156.2241 	EXP 	unnamed Circle: fillColor = <class 'numpy.ndarray'>
156.2409 	EXP 	unnamed Circle: fillColor = <class 'numpy.ndarray'>
156.2409 	EXP 	unnamed Circle: fillColor = <class 'numpy.ndarray'>
156.2574 	EXP 	unnamed Circle: fillColor = <class 'numpy.ndarray'>
156.2574 	EXP 	unnamed Circle: fillColor = <class 'numpy.ndarray'>
156.2741 	EXP 	unnamed Circle: fillColor = <class 'numpy.ndarray'>
156.2741 	EXP 	unnamed Circle: fillColor = <class 'numpy.ndarray'>
156.2908 	EXP 	unnamed Circle: fillColor = <class 'numpy.ndarray'>
156.2908 	EXP 	unnamed Circle: fillColor = <class 'numpy.ndarray'>
156.3074 	EXP 	unnamed Circle: fillColor = <class 'numpy.ndarray'>
156.3074 	EXP 	unnamed Circle: fillColor = <class 'numpy.ndarray'>
156.3241 	EXP 	unnamed Circle: fillColor = <class 'numpy.ndarray'>
156.3241 	EXP 	unnamed Circle: fillColor = <class 'numpy.ndarray'>
156.3408 	EXP 	unnamed Circle: fillColor = <class 'numpy.ndarray'>
156.3408 	EXP 	unnamed Circle: fillColor = <class 'numpy.ndarray'>
156.3574 	EXP 	unnamed Circle: fillColor = <class 'numpy.ndarray'>
156.3574 	EXP 	unnamed Circle: fillColor = <class 'numpy.ndarray'>
156.3741 	EXP 	unnamed Circle: fillColor = <class 'numpy.ndarray'>
156.3741 	EXP 	unnamed Circle: fillColor = <class 'numpy.ndarray'>
156.3908 	EXP 	unnamed Circle: fillColor = <class 'numpy.ndarray'>
156.3908 	EXP 	unnamed Circle: fillColor = <class 'numpy.ndarray'>
156.4074 	EXP 	unnamed Circle: fillColor = <class 'numpy.ndarray'>
156.4074 	EXP 	unnamed Circle: fillColor = <class 'numpy.ndarray'>
156.4241 	EXP 	unnamed Circle: fillColor = <class 'numpy.ndarray'>
156.4241 	EXP 	unnamed Circle: fillColor = <class 'numpy.ndarray'>
156.4408 	EXP 	unnamed Circle: fillColor = <class 'numpy.ndarray'>
156.4408 	EXP 	unnamed Circle: fillColor = <class 'numpy.ndarray'>
156.4574 	EXP 	unnamed Circle: fillColor = <class 'numpy.ndarray'>
156.4574 	EXP 	unnamed Circle: fillColor = <class 'numpy.ndarray'>
156.4741 	EXP 	unnamed Circle: fillColor = <class 'numpy.ndarray'>
156.4741 	EXP 	unnamed Circle: fillColor = <class 'numpy.ndarray'>
156.4908 	EXP 	unnamed Circle: fillColor = <class 'numpy.ndarray'>
156.4908 	EXP 	unnamed Circle: fillColor = <class 'numpy.ndarray'>
156.5074 	EXP 	unnamed Circle: fillColor = <class 'numpy.ndarray'>
156.5074 	EXP 	unnamed Circle: fillColor = <class 'numpy.ndarray'>
156.5241 	EXP 	unnamed Circle: fillColor = <class 'numpy.ndarray'>
156.5241 	EXP 	unnamed Circle: fillColor = <class 'numpy.ndarray'>
156.5408 	EXP 	unnamed Circle: fillColor = <class 'numpy.ndarray'>
156.5408 	EXP 	unnamed Circle: fillColor = <class 'numpy.ndarray'>
156.5574 	EXP 	unnamed Circle: fillColor = <class 'numpy.ndarray'>
156.5574 	EXP 	unnamed Circle: fillColor = <class 'numpy.ndarray'>
156.5741 	EXP 	unnamed Circle: fillColor = <class 'numpy.ndarray'>
156.5741 	EXP 	unnamed Circle: fillColor = <class 'numpy.ndarray'>
156.5908 	EXP 	unnamed Circle: fillColor = <class 'numpy.ndarray'>
156.5908 	EXP 	unnamed Circle: fillColor = <class 'numpy.ndarray'>
156.6074 	EXP 	unnamed Circle: fillColor = <class 'numpy.ndarray'>
156.6074 	EXP 	unnamed Circle: fillColor = <class 'numpy.ndarray'>
156.6241 	EXP 	unnamed Circle: fillColor = <class 'numpy.ndarray'>
156.6241 	EXP 	unnamed Circle: fillColor = <class 'numpy.ndarray'>
156.6410 	EXP 	unnamed Circle: fillColor = <class 'numpy.ndarray'>
156.6410 	EXP 	unnamed Circle: fillColor = <class 'numpy.ndarray'>
156.6574 	EXP 	unnamed Circle: fillColor = <class 'numpy.ndarray'>
156.6574 	EXP 	unnamed Circle: fillColor = <class 'numpy.ndarray'>
156.6741 	EXP 	unnamed Circle: fillColor = <class 'numpy.ndarray'>
156.6741 	EXP 	unnamed Circle: fillColor = <class 'numpy.ndarray'>
156.6908 	EXP 	unnamed Circle: fillColor = <class 'numpy.ndarray'>
156.6908 	EXP 	unnamed Circle: fillColor = <class 'numpy.ndarray'>
156.7074 	EXP 	unnamed Circle: fillColor = <class 'numpy.ndarray'>
156.7074 	EXP 	unnamed Circle: fillColor = <class 'numpy.ndarray'>
156.7243 	EXP 	unnamed Circle: fillColor = <class 'numpy.ndarray'>
156.7243 	EXP 	unnamed Circle: fillColor = <class 'numpy.ndarray'>
156.7408 	EXP 	unnamed Circle: fillColor = <class 'numpy.ndarray'>
156.7408 	EXP 	unnamed Circle: fillColor = <class 'numpy.ndarray'>
156.7574 	EXP 	unnamed Circle: fillColor = <class 'numpy.ndarray'>
156.7574 	EXP 	unnamed Circle: fillColor = <class 'numpy.ndarray'>
156.7741 	EXP 	unnamed Circle: fillColor = <class 'numpy.ndarray'>
156.7741 	EXP 	unnamed Circle: fillColor = <class 'numpy.ndarray'>
156.7908 	EXP 	unnamed Circle: fillColor = <class 'numpy.ndarray'>
156.7908 	EXP 	unnamed Circle: fillColor = <class 'numpy.ndarray'>
156.8074 	EXP 	unnamed Circle: fillColor = <class 'numpy.ndarray'>
156.8074 	EXP 	unnamed Circle: fillColor = <class 'numpy.ndarray'>
156.8241 	EXP 	unnamed Circle: fillColor = <class 'numpy.ndarray'>
156.8241 	EXP 	unnamed Circle: fillColor = <class 'numpy.ndarray'>
156.8408 	EXP 	unnamed Circle: fillColor = <class 'numpy.ndarray'>
156.8408 	EXP 	unnamed Circle: fillColor = <class 'numpy.ndarray'>
156.8574 	EXP 	unnamed Circle: fillColor = <class 'numpy.ndarray'>
156.8574 	EXP 	unnamed Circle: fillColor = <class 'numpy.ndarray'>
156.8741 	EXP 	unnamed Circle: fillColor = <class 'numpy.ndarray'>
156.8741 	EXP 	unnamed Circle: fillColor = <class 'numpy.ndarray'>
156.8908 	EXP 	unnamed Circle: fillColor = <class 'numpy.ndarray'>
156.8908 	EXP 	unnamed Circle: fillColor = <class 'numpy.ndarray'>
156.9074 	EXP 	unnamed Circle: fillColor = <class 'numpy.ndarray'>
156.9074 	EXP 	unnamed Circle: fillColor = <class 'numpy.ndarray'>
156.9241 	EXP 	unnamed Circle: fillColor = <class 'numpy.ndarray'>
156.9241 	EXP 	unnamed Circle: fillColor = <class 'numpy.ndarray'>
156.9408 	EXP 	unnamed Circle: fillColor = <class 'numpy.ndarray'>
156.9408 	EXP 	unnamed Circle: fillColor = <class 'numpy.ndarray'>
156.9574 	EXP 	unnamed Circle: fillColor = <class 'numpy.ndarray'>
156.9574 	EXP 	unnamed Circle: fillColor = <class 'numpy.ndarray'>
156.9741 	EXP 	unnamed Circle: fillColor = <class 'numpy.ndarray'>
156.9741 	EXP 	unnamed Circle: fillColor = <class 'numpy.ndarray'>
156.9908 	EXP 	unnamed Circle: fillColor = <class 'numpy.ndarray'>
156.9908 	EXP 	unnamed Circle: fillColor = <class 'numpy.ndarray'>
157.0074 	EXP 	unnamed Circle: fillColor = <class 'numpy.ndarray'>
157.0074 	EXP 	unnamed Circle: fillColor = <class 'numpy.ndarray'>
157.0241 	EXP 	unnamed Circle: fillColor = <class 'numpy.ndarray'>
157.0241 	EXP 	unnamed Circle: fillColor = <class 'numpy.ndarray'>
157.0408 	EXP 	unnamed Circle: fillColor = <class 'numpy.ndarray'>
157.0408 	EXP 	unnamed Circle: fillColor = <class 'numpy.ndarray'>
157.0576 	EXP 	unnamed Circle: fillColor = <class 'numpy.ndarray'>
157.0576 	EXP 	unnamed Circle: fillColor = <class 'numpy.ndarray'>
157.0741 	EXP 	unnamed Circle: fillColor = <class 'numpy.ndarray'>
157.0741 	EXP 	unnamed Circle: fillColor = <class 'numpy.ndarray'>
157.0908 	EXP 	unnamed Circle: fillColor = <class 'numpy.ndarray'>
157.0908 	EXP 	unnamed Circle: fillColor = <class 'numpy.ndarray'>
157.1075 	EXP 	unnamed Circle: fillColor = <class 'numpy.ndarray'>
157.1075 	EXP 	unnamed Circle: fillColor = <class 'numpy.ndarray'>
157.1241 	EXP 	unnamed Circle: fillColor = <class 'numpy.ndarray'>
157.1241 	EXP 	unnamed Circle: fillColor = <class 'numpy.ndarray'>
157.1408 	EXP 	unnamed Circle: fillColor = <class 'numpy.ndarray'>
157.1408 	EXP 	unnamed Circle: fillColor = <class 'numpy.ndarray'>
157.1574 	EXP 	unnamed Circle: fillColor = <class 'numpy.ndarray'>
157.1574 	EXP 	unnamed Circle: fillColor = <class 'numpy.ndarray'>
157.1741 	EXP 	unnamed Circle: fillColor = <class 'numpy.ndarray'>
157.1741 	EXP 	unnamed Circle: fillColor = <class 'numpy.ndarray'>
157.1908 	EXP 	unnamed Circle: fillColor = <class 'numpy.ndarray'>
157.1908 	EXP 	unnamed Circle: fillColor = <class 'numpy.ndarray'>
157.2074 	EXP 	unnamed Circle: fillColor = <class 'numpy.ndarray'>
157.2074 	EXP 	unnamed Circle: fillColor = <class 'numpy.ndarray'>
157.2241 	EXP 	unnamed Circle: fillColor = <class 'numpy.ndarray'>
157.2241 	EXP 	unnamed Circle: fillColor = <class 'numpy.ndarray'>
157.2408 	EXP 	unnamed Circle: fillColor = <class 'numpy.ndarray'>
157.2408 	EXP 	unnamed Circle: fillColor = <class 'numpy.ndarray'>
157.2574 	EXP 	unnamed Circle: fillColor = <class 'numpy.ndarray'>
157.2574 	EXP 	unnamed Circle: fillColor = <class 'numpy.ndarray'>
157.2741 	EXP 	unnamed Circle: fillColor = <class 'numpy.ndarray'>
157.2741 	EXP 	unnamed Circle: fillColor = <class 'numpy.ndarray'>
157.2908 	EXP 	unnamed Circle: fillColor = <class 'numpy.ndarray'>
157.2908 	EXP 	unnamed Circle: fillColor = <class 'numpy.ndarray'>
157.3075 	EXP 	unnamed Circle: fillColor = <class 'numpy.ndarray'>
157.3075 	EXP 	unnamed Circle: fillColor = <class 'numpy.ndarray'>
157.3241 	EXP 	unnamed Circle: fillColor = <class 'numpy.ndarray'>
157.3241 	EXP 	unnamed Circle: fillColor = <class 'numpy.ndarray'>
157.3408 	EXP 	unnamed Circle: fillColor = <class 'numpy.ndarray'>
157.3408 	EXP 	unnamed Circle: fillColor = <class 'numpy.ndarray'>
157.3574 	EXP 	unnamed Circle: fillColor = <class 'numpy.ndarray'>
157.3574 	EXP 	unnamed Circle: fillColor = <class 'numpy.ndarray'>
157.3741 	EXP 	unnamed Circle: fillColor = <class 'numpy.ndarray'>
157.3741 	EXP 	unnamed Circle: fillColor = <class 'numpy.ndarray'>
157.3908 	EXP 	unnamed Circle: fillColor = <class 'numpy.ndarray'>
157.3908 	EXP 	unnamed Circle: fillColor = <class 'numpy.ndarray'>
157.4074 	EXP 	unnamed Circle: fillColor = <class 'numpy.ndarray'>
157.4074 	EXP 	unnamed Circle: fillColor = <class 'numpy.ndarray'>
157.4241 	EXP 	unnamed Circle: fillColor = <class 'numpy.ndarray'>
157.4241 	EXP 	unnamed Circle: fillColor = <class 'numpy.ndarray'>
157.4408 	EXP 	unnamed Circle: fillColor = <class 'numpy.ndarray'>
157.4408 	EXP 	unnamed Circle: fillColor = <class 'numpy.ndarray'>
157.4574 	EXP 	unnamed Circle: fillColor = <class 'numpy.ndarray'>
157.4574 	EXP 	unnamed Circle: fillColor = <class 'numpy.ndarray'>
157.4741 	EXP 	unnamed Circle: fillColor = <class 'numpy.ndarray'>
157.4741 	EXP 	unnamed Circle: fillColor = <class 'numpy.ndarray'>
157.4908 	EXP 	unnamed Circle: fillColor = <class 'numpy.ndarray'>
157.4908 	EXP 	unnamed Circle: fillColor = <class 'numpy.ndarray'>
157.5075 	EXP 	unnamed Circle: fillColor = <class 'numpy.ndarray'>
157.5075 	EXP 	unnamed Circle: fillColor = <class 'numpy.ndarray'>
157.5241 	EXP 	unnamed Circle: fillColor = <class 'numpy.ndarray'>
157.5241 	EXP 	unnamed Circle: fillColor = <class 'numpy.ndarray'>
157.5408 	EXP 	unnamed Circle: fillColor = <class 'numpy.ndarray'>
157.5408 	EXP 	unnamed Circle: fillColor = <class 'numpy.ndarray'>
157.5574 	EXP 	unnamed Circle: fillColor = <class 'numpy.ndarray'>
157.5574 	EXP 	unnamed Circle: fillColor = <class 'numpy.ndarray'>
157.5741 	EXP 	unnamed Circle: fillColor = <class 'numpy.ndarray'>
157.5741 	EXP 	unnamed Circle: fillColor = <class 'numpy.ndarray'>
157.5908 	EXP 	unnamed Circle: fillColor = <class 'numpy.ndarray'>
157.5908 	EXP 	unnamed Circle: fillColor = <class 'numpy.ndarray'>
157.6075 	EXP 	unnamed Circle: fillColor = <class 'numpy.ndarray'>
157.6075 	EXP 	unnamed Circle: fillColor = <class 'numpy.ndarray'>
157.6241 	EXP 	unnamed Circle: fillColor = <class 'numpy.ndarray'>
157.6241 	EXP 	unnamed Circle: fillColor = <class 'numpy.ndarray'>
157.6408 	EXP 	unnamed Circle: fillColor = <class 'numpy.ndarray'>
157.6408 	EXP 	unnamed Circle: fillColor = <class 'numpy.ndarray'>
157.6574 	EXP 	unnamed Circle: fillColor = <class 'numpy.ndarray'>
157.6574 	EXP 	unnamed Circle: fillColor = <class 'numpy.ndarray'>
157.6741 	EXP 	unnamed Circle: fillColor = <class 'numpy.ndarray'>
157.6741 	EXP 	unnamed Circle: fillColor = <class 'numpy.ndarray'>
157.6908 	EXP 	unnamed Circle: fillColor = <class 'numpy.ndarray'>
157.6908 	EXP 	unnamed Circle: fillColor = <class 'numpy.ndarray'>
157.7074 	EXP 	unnamed Circle: fillColor = <class 'numpy.ndarray'>
157.7074 	EXP 	unnamed Circle: fillColor = <class 'numpy.ndarray'>
157.7241 	EXP 	unnamed Circle: fillColor = <class 'numpy.ndarray'>
157.7241 	EXP 	unnamed Circle: fillColor = <class 'numpy.ndarray'>
157.7408 	EXP 	unnamed Circle: fillColor = <class 'numpy.ndarray'>
157.7408 	EXP 	unnamed Circle: fillColor = <class 'numpy.ndarray'>
42.0563 	EXP 	DMN_BallTask: status = NOT_STARTED
42.5895 	EXP 	Created window1 = Window(allowGUI=False, allowStencil=False, autoLog=True, backendConf=UNKNOWN, backgroundFit=<method-wrapper '__getattribute__' of attributeSetter object at 0x72920cf765d0>, backgroundImage=<method-wrapper '__getattribute__' of attributeSetter object at 0x72920cf76570>, bitsMode=UNKNOWN, blendMode='avg', bpc=(8, 8, 8), color=array([-1, -1, -1]), colorSpace='rgb', depthBits=8, fullscr=True, gamma=None, gammaErrorPolicy='raise', infoMsg=UNKNOWN, lms=UNKNOWN, monitor=<psychopy.monitors.calibTools.Monitor object at 0x729204869d30>, multiSample=False, name='window1', numSamples=2, pos=[np.float64(0.0), np.float64(0.0)], screen=1, size=array([1920, 1080]), stencilBits=0, stereo=False, title='PsychoPy', units='norm', useFBO=True, useRetina=False, viewOri=0.0, viewPos=None, viewScale=None, waitBlanking=True, winType='pyglet')
42.5895 	EXP 	window1: backgroundImage = None
42.5895 	EXP 	window1: backgroundFit = 'cover'
42.5900 	EXP 	window1: Attempting to measure frame rate of screen (1) ...
42.5900 	EXP 	window1: recordFrameIntervals = False
42.7560 	EXP 	window1: recordFrameIntervals = True
42.9394 	EXP 	Screen (1) actual frame rate measured at 59.99Hz
42.9394 	EXP 	window1: recordFrameIntervals = False
42.9618 	EXP 	Created text = TextStim(__class__=<class 'psychopy.visual.text.TextStim'>, alignHoriz=method-wrapper(...), alignText='center', alignVert=method-wrapper(...), anchorHoriz='center', anchorVert='center', antialias=True, autoDraw=False, autoLog=True, bold=False, color=array([1., 1., 1.]), colorSpace='rgb', contrast=1.0, depth=0.0, draggable=False, flipHoriz=False, flipVert=False, font='Liberation Sans', fontFiles=[], height=np.float64(0.06), italic=False, languageStyle='LTR', name='text', opacity=1, ori=0, pos=array([0. , 0.2]), rgb=UNKNOWN, text=str(...), units='norm', win=Window(...), wrapWidth=1.2)
42.9623 	EXP 	Created text = TextStim(__class__=<class 'psychopy.visual.text.TextStim'>, alignHoriz=method-wrapper(...), alignText='center', alignVert=method-wrapper(...), anchorHoriz='center', anchorVert='center', antialias=True, autoDraw=False, autoLog=True, bold=False, color=array([1., 1., 1.]), colorSpace='rgb', contrast=1.0, depth=0.0, draggable=False, flipHoriz=False, flipVert=False, font='Liberation Sans', fontFiles=[], height=0.06, italic=False, languageStyle='LTR', name='text', opacity=1, ori=0, pos=array([0., 0.]), rgb=UNKNOWN, text='', units='norm', win=Window(...), wrapWidth=1.2)
42.9694 	EXP 	Created waiting_for_trigger_text = TextStim(__class__=<class 'psychopy.visual.text.TextStim'>, alignHoriz=method-wrapper(...), alignText='center', alignVert=method-wrapper(...), anchorHoriz='center', anchorVert='center', antialias=True, autoDraw=False, autoLog=True, bold=False, color=array([1., 1., 1.]), colorSpace='rgb', contrast=1.0, depth=0.0, draggable=False, flipHoriz=False, flipVert=False, font='Liberation Sans', fontFiles=[], height=np.float64(0.1), italic=False, languageStyle='LTR', name='waiting_for_trigger_text', opacity=1, ori=0, pos=array([0., 0.]), rgb=UNKNOWN, text='waiting for scanner', units='norm', win=Window(...), wrapWidth=2)
42.9741 	EXP 	Created text_2 = TextStim(__class__=<class 'psychopy.visual.text.TextStim'>, alignHoriz=method-wrapper(...), alignText='center', alignVert=method-wrapper(...), anchorHoriz='center', anchorVert='center', antialias=True, autoDraw=False, autoLog=True, bold=False, color=array([1., 1., 1.]), colorSpace='rgb', contrast=1.0, depth=0.0, draggable=False, flipHoriz=False, flipVert=False, font='Liberation Sans', fontFiles=[], height=np.float64(0.3), italic=False, languageStyle='LTR', name='text_2', opacity=1, ori=0, pos=array([0., 0.]), rgb=UNKNOWN, text='+', units='norm', win=Window(...), wrapWidth=1)
42.9790 	EXP 	Created text_relax = TextStim(__class__=<class 'psychopy.visual.text.TextStim'>, alignHoriz=method-wrapper(...), alignText='center', alignVert=method-wrapper(...), anchorHoriz='center', anchorVert='center', antialias=True, autoDraw=False, autoLog=True, bold=False, color=array([1., 1., 1.]), colorSpace='rgb', contrast=1.0, depth=0.0, draggable=False, flipHoriz=False, flipVert=False, font='Liberation Sans', fontFiles=[], height=np.float64(0.07), italic=False, languageStyle='LTR', name='text_relax', opacity=1, ori=0, pos=array([ 0. , -0.2]), rgb=UNKNOWN, text='Relax', units='norm', win=Window(...), wrapWidth=1)
42.9807 	EXP 	Created text_4 = TextStim(__class__=<class 'psychopy.visual.text.TextStim'>, alignHoriz=method-wrapper(...), alignText='center', alignVert=method-wrapper(...), anchorHoriz='center', anchorVert='center', antialias=True, autoDraw=False, autoLog=True, bold=False, color=array([1., 1., 1.]), colorSpace='rgb', contrast=1.0, depth=-3.0, draggable=False, flipHoriz=False, flipVert=False, font='Liberation Sans', fontFiles=[], height=np.float64(0.1), italic=False, languageStyle='LTR', name='text_4', opacity=1, ori=0, pos=array([0., 0.]), rgb=UNKNOWN, text='default text', units='norm', win=Window(...), wrapWidth=1)
42.9856 	WARNING 	fillRGB parameter is deprecated. Please use lineColor and colorSpace instead
42.9856 	WARNING 	lineRGB parameter is deprecated. Please use lineColor and colorSpace instead
42.9888 	EXP 	Created unnamed Circle = Circle(__class__=<class 'psychopy.visual.circle.Circle'>, anchor=('center', 'center'), autoDraw=False, autoLog=True, closeShape=True, color=method-wrapper(...), colorSpace='rgb', contrast=None, depth=0, draggable=False, fillColor=array([0, 0, 0]), fillColorSpace='rgb', fillRGB=array([0, 0, 0]), interpolate=True, lineColor=array([ 1.,  1., -1.]), lineColorSpace='rgb', lineRGB=array([ 1,  1, -1]), lineWidth=2, name='unnamed Circle', opacity=1, ori=0.0, pos=array([0.        , 0.33333333]), size=array([1., 1.]), units='norm', vertices=ndarray(...), win=Window(...), windingRule=None)
42.9928 	WARNING 	fillRGB parameter is deprecated. Please use lineColor and colorSpace instead
42.9929 	WARNING 	lineRGB parameter is deprecated. Please use lineColor and colorSpace instead
42.9960 	EXP 	Created unnamed Circle = Circle(__class__=<class 'psychopy.visual.circle.Circle'>, anchor=('center', 'center'), autoDraw=False, autoLog=True, closeShape=True, color=method-wrapper(...), colorSpace='rgb', contrast=None, depth=0, draggable=False, fillColor=array([0, 0, 0]), fillColorSpace='rgb', fillRGB=array([0, 0, 0]), interpolate=True, lineColor=array([-1., -1.,  1.]), lineColorSpace='rgb', lineRGB=array([-1, -1,  1]), lineWidth=2, name='unnamed Circle', opacity=1, ori=0.0, pos=array([ 0.        , -0.33333333]), size=array([1., 1.]), units='norm', vertices=ndarray(...), win=Window(...), windingRule=None)
43.0000 	WARNING 	fillRGB parameter is deprecated. Please use lineColor and colorSpace instead
43.0001 	WARNING 	lineRGB parameter is deprecated. Please use lineColor and colorSpace instead
43.0031 	EXP 	Created unnamed Circle = Circle(__class__=<class 'psychopy.visual.circle.Circle'>, anchor=('center', 'center'), autoDraw=False, autoLog=True, closeShape=True, color=method-wrapper(...), colorSpace='rgb', contrast=None, depth=0, draggable=False, fillColor=array([1, 1, 1]), fillColorSpace='rgb', fillRGB=array([1, 1, 1]), interpolate=True, lineColor=array([1., 1., 1.]), lineColorSpace='rgb', lineRGB=array([1, 1, 1]), lineWidth=1.5, name='unnamed Circle', opacity=1, ori=0.0, pos=array([0., 0.]), size=array([1., 1.]), units='norm', vertices=ndarray(...), win=Window(...), windingRule=None)
43.0072 	WARNING 	fillRGB parameter is deprecated. Please use lineColor and colorSpace instead
43.0073 	WARNING 	lineRGB parameter is deprecated. Please use lineColor and colorSpace instead
43.0103 	EXP 	Created unnamed Circle = Circle(__class__=<class 'psychopy.visual.circle.Circle'>, anchor=('center', 'center'), autoDraw=False, autoLog=True, closeShape=True, color=method-wrapper(...), colorSpace='rgb', contrast=None, depth=0, draggable=False, fillColor=array([1, 1, 1]), fillColorSpace='rgb', fillRGB=array([1, 1, 1]), interpolate=True, lineColor=array([1., 1., 1.]), lineColorSpace='rgb', lineRGB=array([1, 1, 1]), lineWidth=3, name='unnamed Circle', opacity=1, ori=0.0, pos=array([0., 0.]), size=array([1., 1.]), units='norm', vertices=ndarray(...), win=Window(...), windingRule=None)
43.0123 	EXP 	Created instruct_text = TextStim(__class__=<class 'psychopy.visual.text.TextStim'>, alignHoriz=method-wrapper(...), alignText='center', alignVert=method-wrapper(...), anchorHoriz='center', anchorVert='center', antialias=True, autoDraw=False, autoLog=True, bold=False, color=array([1., 1., 1.]), colorSpace='rgb', contrast=1.0, depth=0.0, draggable=False, flipHoriz=False, flipVert=False, font='Liberation Sans', fontFiles=[], height=np.float64(0.06), italic=False, languageStyle='LTR', name='instruct_text', opacity=1, ori=0, pos=array([0., 0.]), rgb=UNKNOWN, text='replace me', units='norm', win=Window(...), wrapWidth=1.2)
43.0139 	EXP 	Created thank_you_end_run_text = TextStim(__class__=<class 'psychopy.visual.text.TextStim'>, alignHoriz=method-wrapper(...), alignText='center', alignVert=method-wrapper(...), anchorHoriz='center', anchorVert='center', antialias=True, autoDraw=False, autoLog=True, bold=False, color=array([1., 1., 1.]), colorSpace='rgb', contrast=1.0, depth=0.0, draggable=False, flipHoriz=False, flipVert=False, font='Liberation Sans', fontFiles=[], height=np.float64(0.1), italic=False, languageStyle='LTR', name='thank_you_end_run_text', opacity=1, ori=0, pos=array([0., 0.]), rgb=UNKNOWN, text='thank you!', units='norm', win=Window(...), wrapWidth=1)
43.0227 	EXP 	instruct_text: height = np.float64(0.06)
43.0227 	EXP 	instruct_text: height = np.float64(0.06)
43.0227 	EXP 	instruct_text: height = np.float64(0.06)
43.0227 	EXP 	instruct_text: text = 'Great job! Next, you’ll get to practice Noting for another 2.5min with more brain feedback from the ball. \n\nWhen the ball moves upwards, that corresponds to the Noting Practice.'
51.4229 	DATA 	Mouse: Left button down, pos=(1480,509)
51.5056 	DATA 	Mouse:  Left button up, pos=(1480,509)
51.6818 	DATA 	Keypress: space
51.6890 	EXP 	instruct_text: height = np.float64(0.06)
51.6890 	EXP 	instruct_text: height = np.float64(0.06)
51.6890 	EXP 	instruct_text: height = np.float64(0.06)
51.6890 	EXP 	instruct_text: text = 'You will see the plus sign (+) for 30 seconds at the start. Whenever you see the plus +,  please don’t practice Noting – just relax.\n\nOnce the circles appear, please start the Noting practice. This practice will last 2.5 min.'
51.9617 	DATA 	Keypress: space
51.9723 	EXP 	waiting_for_trigger_text: autoDraw = True
53.1724 	DATA 	Keypress: y
54.1390 	DATA 	Keypress: t
54.1562 	EXP 	waiting_for_trigger_text: autoDraw = False
54.1562 	EXP 	text_2: autoDraw = True
54.1562 	EXP 	text_relax: autoDraw = True
84.1565 	EXP 	text_2: autoDraw = False
84.1565 	EXP 	text_relax: autoDraw = False
84.1565 	EXP 	text_2: autoDraw = False
84.4568 	EXP 	unnamed Circle: fillColor = <class 'numpy.ndarray'>
84.4568 	EXP 	unnamed Circle: fillColor = <class 'numpy.ndarray'>
85.6596 	EXP 	unnamed Circle: fillColor = <class 'numpy.ndarray'>
85.6596 	EXP 	unnamed Circle: fillColor = <class 'numpy.ndarray'>
86.8567 	EXP 	unnamed Circle: fillColor = <class 'numpy.ndarray'>
86.8567 	EXP 	unnamed Circle: fillColor = <class 'numpy.ndarray'>
88.0732 	EXP 	unnamed Circle: fillColor = <class 'numpy.ndarray'>
88.0732 	EXP 	unnamed Circle: fillColor = <class 'numpy.ndarray'>
89.2740 	EXP 	unnamed Circle: fillColor = <class 'numpy.ndarray'>
89.2740 	EXP 	unnamed Circle: fillColor = <class 'numpy.ndarray'>
90.4762 	EXP 	unnamed Circle: fillColor = <class 'numpy.ndarray'>
90.4762 	EXP 	unnamed Circle: fillColor = <class 'numpy.ndarray'>
91.6766 	EXP 	unnamed Circle: fillColor = <class 'numpy.ndarray'>
91.6766 	EXP 	unnamed Circle: fillColor = <class 'numpy.ndarray'>
92.8905 	EXP 	unnamed Circle: fillColor = <class 'numpy.ndarray'>
92.8905 	EXP 	unnamed Circle: fillColor = <class 'numpy.ndarray'>
94.0905 	EXP 	unnamed Circle: fillColor = <class 'numpy.ndarray'>
94.0905 	EXP 	unnamed Circle: fillColor = <class 'numpy.ndarray'>
95.2929 	EXP 	unnamed Circle: fillColor = <class 'numpy.ndarray'>
95.2929 	EXP 	unnamed Circle: fillColor = <class 'numpy.ndarray'>
96.5072 	EXP 	unnamed Circle: fillColor = <class 'numpy.ndarray'>
96.5072 	EXP 	unnamed Circle: fillColor = <class 'numpy.ndarray'>
97.7067 	EXP 	unnamed Circle: fillColor = <class 'numpy.ndarray'>
97.7067 	EXP 	unnamed Circle: fillColor = <class 'numpy.ndarray'>
98.9073 	EXP 	unnamed Circle: fillColor = <class 'numpy.ndarray'>
98.9073 	EXP 	unnamed Circle: fillColor = <class 'numpy.ndarray'>
100.1098 	EXP 	unnamed Circle: fillColor = <class 'numpy.ndarray'>
100.1098 	EXP 	unnamed Circle: fillColor = <class 'numpy.ndarray'>
101.3234 	EXP 	unnamed Circle: fillColor = <class 'numpy.ndarray'>
101.3234 	EXP 	unnamed Circle: fillColor = <class 'numpy.ndarray'>
102.5230 	EXP 	unnamed Circle: fillColor = <class 'numpy.ndarray'>
102.5230 	EXP 	unnamed Circle: fillColor = <class 'numpy.ndarray'>
103.7240 	EXP 	unnamed Circle: fillColor = <class 'numpy.ndarray'>
103.7240 	EXP 	unnamed Circle: fillColor = <class 'numpy.ndarray'>
104.9265 	EXP 	unnamed Circle: fillColor = <class 'numpy.ndarray'>
104.9265 	EXP 	unnamed Circle: fillColor = <class 'numpy.ndarray'>
106.1401 	EXP 	unnamed Circle: fillColor = <class 'numpy.ndarray'>
106.1401 	EXP 	unnamed Circle: fillColor = <class 'numpy.ndarray'>
107.3407 	EXP 	unnamed Circle: fillColor = <class 'numpy.ndarray'>
107.3407 	EXP 	unnamed Circle: fillColor = <class 'numpy.ndarray'>
108.5407 	EXP 	unnamed Circle: fillColor = <class 'numpy.ndarray'>
108.5407 	EXP 	unnamed Circle: fillColor = <class 'numpy.ndarray'>
109.7431 	EXP 	unnamed Circle: fillColor = <class 'numpy.ndarray'>
109.7431 	EXP 	unnamed Circle: fillColor = <class 'numpy.ndarray'>
110.9571 	EXP 	unnamed Circle: fillColor = <class 'numpy.ndarray'>
110.9571 	EXP 	unnamed Circle: fillColor = <class 'numpy.ndarray'>
112.1569 	EXP 	unnamed Circle: fillColor = <class 'numpy.ndarray'>
112.1569 	EXP 	unnamed Circle: fillColor = <class 'numpy.ndarray'>
113.3598 	EXP 	unnamed Circle: fillColor = <class 'numpy.ndarray'>
113.3598 	EXP 	unnamed Circle: fillColor = <class 'numpy.ndarray'>
114.5598 	EXP 	unnamed Circle: fillColor = <class 'numpy.ndarray'>
114.5598 	EXP 	unnamed Circle: fillColor = <class 'numpy.ndarray'>
115.7741 	EXP 	unnamed Circle: fillColor = <class 'numpy.ndarray'>
115.7741 	EXP 	unnamed Circle: fillColor = <class 'numpy.ndarray'>
116.9742 	EXP 	unnamed Circle: fillColor = <class 'numpy.ndarray'>
116.9742 	EXP 	unnamed Circle: fillColor = <class 'numpy.ndarray'>
118.1736 	EXP 	unnamed Circle: fillColor = <class 'numpy.ndarray'>
118.1736 	EXP 	unnamed Circle: fillColor = <class 'numpy.ndarray'>
119.3737 	EXP 	unnamed Circle: fillColor = <class 'numpy.ndarray'>
119.3737 	EXP 	unnamed Circle: fillColor = <class 'numpy.ndarray'>
120.5736 	EXP 	unnamed Circle: fillColor = <class 'numpy.ndarray'>
120.5736 	EXP 	unnamed Circle: fillColor = <class 'numpy.ndarray'>
121.7909 	EXP 	unnamed Circle: fillColor = <class 'numpy.ndarray'>
121.7909 	EXP 	unnamed Circle: fillColor = <class 'numpy.ndarray'>
122.9909 	EXP 	unnamed Circle: fillColor = <class 'numpy.ndarray'>
122.9909 	EXP 	unnamed Circle: fillColor = <class 'numpy.ndarray'>
124.1935 	EXP 	unnamed Circle: fillColor = <class 'numpy.ndarray'>
124.1935 	EXP 	unnamed Circle: fillColor = <class 'numpy.ndarray'>
125.4070 	EXP 	unnamed Circle: fillColor = <class 'numpy.ndarray'>
125.4070 	EXP 	unnamed Circle: fillColor = <class 'numpy.ndarray'>
126.6076 	EXP 	unnamed Circle: fillColor = <class 'numpy.ndarray'>
126.6076 	EXP 	unnamed Circle: fillColor = <class 'numpy.ndarray'>
127.8078 	EXP 	unnamed Circle: fillColor = <class 'numpy.ndarray'>
127.8078 	EXP 	unnamed Circle: fillColor = <class 'numpy.ndarray'>
129.0101 	EXP 	unnamed Circle: fillColor = <class 'numpy.ndarray'>
129.0101 	EXP 	unnamed Circle: fillColor = <class 'numpy.ndarray'>
130.2243 	EXP 	unnamed Circle: fillColor = <class 'numpy.ndarray'>
130.2243 	EXP 	unnamed Circle: fillColor = <class 'numpy.ndarray'>
131.4240 	EXP 	unnamed Circle: fillColor = <class 'numpy.ndarray'>
131.4240 	EXP 	unnamed Circle: fillColor = <class 'numpy.ndarray'>
132.6238 	EXP 	unnamed Circle: fillColor = <class 'numpy.ndarray'>
132.6238 	EXP 	unnamed Circle: fillColor = <class 'numpy.ndarray'>
133.8238 	EXP 	unnamed Circle: fillColor = <class 'numpy.ndarray'>
133.8238 	EXP 	unnamed Circle: fillColor = <class 'numpy.ndarray'>
135.0238 	EXP 	unnamed Circle: fillColor = <class 'numpy.ndarray'>
135.0238 	EXP 	unnamed Circle: fillColor = <class 'numpy.ndarray'>
136.2412 	EXP 	unnamed Circle: fillColor = <class 'numpy.ndarray'>
136.2412 	EXP 	unnamed Circle: fillColor = <class 'numpy.ndarray'>
137.4572 	EXP 	unnamed Circle: fillColor = <class 'numpy.ndarray'>
137.4572 	EXP 	unnamed Circle: fillColor = <class 'numpy.ndarray'>
138.6407 	EXP 	unnamed Circle: fillColor = <class 'numpy.ndarray'>
138.6407 	EXP 	unnamed Circle: fillColor = <class 'numpy.ndarray'>
139.8568 	EXP 	unnamed Circle: fillColor = <class 'numpy.ndarray'>
139.8568 	EXP 	unnamed Circle: fillColor = <class 'numpy.ndarray'>
141.0581 	EXP 	unnamed Circle: fillColor = <class 'numpy.ndarray'>
141.0581 	EXP 	unnamed Circle: fillColor = <class 'numpy.ndarray'>
142.2600 	EXP 	unnamed Circle: fillColor = <class 'numpy.ndarray'>
142.2600 	EXP 	unnamed Circle: fillColor = <class 'numpy.ndarray'>
143.4602 	EXP 	unnamed Circle: fillColor = <class 'numpy.ndarray'>
143.4602 	EXP 	unnamed Circle: fillColor = <class 'numpy.ndarray'>
144.6745 	EXP 	unnamed Circle: fillColor = <class 'numpy.ndarray'>
144.6745 	EXP 	unnamed Circle: fillColor = <class 'numpy.ndarray'>
145.8745 	EXP 	unnamed Circle: fillColor = <class 'numpy.ndarray'>
145.8745 	EXP 	unnamed Circle: fillColor = <class 'numpy.ndarray'>
147.0906 	EXP 	unnamed Circle: fillColor = <class 'numpy.ndarray'>
147.0906 	EXP 	unnamed Circle: fillColor = <class 'numpy.ndarray'>
148.2740 	EXP 	unnamed Circle: fillColor = <class 'numpy.ndarray'>
148.2740 	EXP 	unnamed Circle: fillColor = <class 'numpy.ndarray'>
149.4912 	EXP 	unnamed Circle: fillColor = <class 'numpy.ndarray'>
149.4912 	EXP 	unnamed Circle: fillColor = <class 'numpy.ndarray'>
150.6936 	EXP 	unnamed Circle: fillColor = <class 'numpy.ndarray'>
150.6936 	EXP 	unnamed Circle: fillColor = <class 'numpy.ndarray'>
151.8936 	EXP 	unnamed Circle: fillColor = <class 'numpy.ndarray'>
151.8936 	EXP 	unnamed Circle: fillColor = <class 'numpy.ndarray'>
153.1079 	EXP 	unnamed Circle: fillColor = <class 'numpy.ndarray'>
153.1079 	EXP 	unnamed Circle: fillColor = <class 'numpy.ndarray'>
154.3081 	EXP 	unnamed Circle: fillColor = <class 'numpy.ndarray'>
154.3081 	EXP 	unnamed Circle: fillColor = <class 'numpy.ndarray'>
155.5079 	EXP 	unnamed Circle: fillColor = <class 'numpy.ndarray'>
155.5079 	EXP 	unnamed Circle: fillColor = <class 'numpy.ndarray'>
155.6736 	EXP 	unnamed Circle: fillColor = <class 'numpy.ndarray'>
155.6736 	EXP 	unnamed Circle: fillColor = <class 'numpy.ndarray'>
155.6903 	EXP 	unnamed Circle: fillColor = <class 'numpy.ndarray'>
155.6903 	EXP 	unnamed Circle: fillColor = <class 'numpy.ndarray'>
155.7075 	EXP 	unnamed Circle: fillColor = <class 'numpy.ndarray'>
155.7075 	EXP 	unnamed Circle: fillColor = <class 'numpy.ndarray'>
155.7245 	EXP 	unnamed Circle: fillColor = <class 'numpy.ndarray'>
155.7245 	EXP 	unnamed Circle: fillColor = <class 'numpy.ndarray'>
155.7408 	EXP 	unnamed Circle: fillColor = <class 'numpy.ndarray'>
155.7408 	EXP 	unnamed Circle: fillColor = <class 'numpy.ndarray'>
155.7574 	EXP 	unnamed Circle: fillColor = <class 'numpy.ndarray'>
155.7574 	EXP 	unnamed Circle: fillColor = <class 'numpy.ndarray'>
155.7743 	EXP 	unnamed Circle: fillColor = <class 'numpy.ndarray'>
155.7743 	EXP 	unnamed Circle: fillColor = <class 'numpy.ndarray'>
155.7909 	EXP 	unnamed Circle: fillColor = <class 'numpy.ndarray'>
155.7909 	EXP 	unnamed Circle: fillColor = <class 'numpy.ndarray'>
155.8076 	EXP 	unnamed Circle: fillColor = <class 'numpy.ndarray'>
155.8076 	EXP 	unnamed Circle: fillColor = <class 'numpy.ndarray'>
155.8241 	EXP 	unnamed Circle: fillColor = <class 'numpy.ndarray'>
155.8241 	EXP 	unnamed Circle: fillColor = <class 'numpy.ndarray'>
155.8407 	EXP 	unnamed Circle: fillColor = <class 'numpy.ndarray'>
155.8407 	EXP 	unnamed Circle: fillColor = <class 'numpy.ndarray'>
155.8576 	EXP 	unnamed Circle: fillColor = <class 'numpy.ndarray'>
155.8576 	EXP 	unnamed Circle: fillColor = <class 'numpy.ndarray'>
155.8743 	EXP 	unnamed Circle: fillColor = <class 'numpy.ndarray'>
155.8743 	EXP 	unnamed Circle: fillColor = <class 'numpy.ndarray'>
155.8910 	EXP 	unnamed Circle: fillColor = <class 'numpy.ndarray'>
155.8910 	EXP 	unnamed Circle: fillColor = <class 'numpy.ndarray'>
155.9076 	EXP 	unnamed Circle: fillColor = <class 'numpy.ndarray'>
155.9076 	EXP 	unnamed Circle: fillColor = <class 'numpy.ndarray'>
155.9243 	EXP 	unnamed Circle: fillColor = <class 'numpy.ndarray'>
155.9243 	EXP 	unnamed Circle: fillColor = <class 'numpy.ndarray'>
155.9408 	EXP 	unnamed Circle: fillColor = <class 'numpy.ndarray'>
155.9408 	EXP 	unnamed Circle: fillColor = <class 'numpy.ndarray'>
155.9574 	EXP 	unnamed Circle: fillColor = <class 'numpy.ndarray'>
155.9574 	EXP 	unnamed Circle: fillColor = <class 'numpy.ndarray'>
155.9741 	EXP 	unnamed Circle: fillColor = <class 'numpy.ndarray'>
155.9741 	EXP 	unnamed Circle: fillColor = <class 'numpy.ndarray'>
155.9908 	EXP 	unnamed Circle: fillColor = <class 'numpy.ndarray'>
155.9908 	EXP 	unnamed Circle: fillColor = <class 'numpy.ndarray'>
156.0074 	EXP 	unnamed Circle: fillColor = <class 'numpy.ndarray'>
156.0074 	EXP 	unnamed Circle: fillColor = <class 'numpy.ndarray'>
156.0241 	EXP 	unnamed Circle: fillColor = <class 'numpy.ndarray'>
156.0241 	EXP 	unnamed Circle: fillColor = <class 'numpy.ndarray'>
156.0408 	EXP 	unnamed Circle: fillColor = <class 'numpy.ndarray'>
156.0408 	EXP 	unnamed Circle: fillColor = <class 'numpy.ndarray'>
156.0574 	EXP 	unnamed Circle: fillColor = <class 'numpy.ndarray'>
156.0574 	EXP 	unnamed Circle: fillColor = <class 'numpy.ndarray'>
156.0741 	EXP 	unnamed Circle: fillColor = <class 'numpy.ndarray'>
156.0741 	EXP 	unnamed Circle: fillColor = <class 'numpy.ndarray'>
156.0908 	EXP 	unnamed Circle: fillColor = <class 'numpy.ndarray'>
156.0908 	EXP 	unnamed Circle: fillColor = <class 'numpy.ndarray'>
156.1074 	EXP 	unnamed Circle: fillColor = <class 'numpy.ndarray'>
156.1074 	EXP 	unnamed Circle: fillColor = <class 'numpy.ndarray'>
156.1241 	EXP 	unnamed Circle: fillColor = <class 'numpy.ndarray'>
156.1241 	EXP 	unnamed Circle: fillColor = <class 'numpy.ndarray'>
156.1408 	EXP 	unnamed Circle: fillColor = <class 'numpy.ndarray'>
156.1408 	EXP 	unnamed Circle: fillColor = <class 'numpy.ndarray'>
156.1574 	EXP 	unnamed Circle: fillColor = <class 'numpy.ndarray'>
156.1574 	EXP 	unnamed Circle: fillColor = <class 'numpy.ndarray'>
156.1741 	EXP 	unnamed Circle: fillColor = <class 'numpy.ndarray'>
156.1741 	EXP 	unnamed Circle: fillColor = <class 'numpy.ndarray'>
156.1908 	EXP 	unnamed Circle: fillColor = <class 'numpy.ndarray'>
156.1908 	EXP 	unnamed Circle: fillColor = <class 'numpy.ndarray'>
156.2074 	EXP 	unnamed Circle: fillColor = <class 'numpy.ndarray'>
156.2074 	EXP 	unnamed Circle: fillColor = <class 'numpy.ndarray'>
156.2241 	EXP 	unnamed Circle: fillColor = <class 'numpy.ndarray'>
156.2241 	EXP 	unnamed Circle: fillColor = <class 'numpy.ndarray'>
156.2409 	EXP 	unnamed Circle: fillColor = <class 'numpy.ndarray'>
156.2409 	EXP 	unnamed Circle: fillColor = <class 'numpy.ndarray'>
156.2574 	EXP 	unnamed Circle: fillColor = <class 'numpy.ndarray'>
156.2574 	EXP 	unnamed Circle: fillColor = <class 'numpy.ndarray'>
156.2741 	EXP 	unnamed Circle: fillColor = <class 'numpy.ndarray'>
156.2741 	EXP 	unnamed Circle: fillColor = <class 'numpy.ndarray'>
156.2908 	EXP 	unnamed Circle: fillColor = <class 'numpy.ndarray'>
156.2908 	EXP 	unnamed Circle: fillColor = <class 'numpy.ndarray'>
156.3074 	EXP 	unnamed Circle: fillColor = <class 'numpy.ndarray'>
156.3074 	EXP 	unnamed Circle: fillColor = <class 'numpy.ndarray'>
156.3241 	EXP 	unnamed Circle: fillColor = <class 'numpy.ndarray'>
156.3241 	EXP 	unnamed Circle: fillColor = <class 'numpy.ndarray'>
156.3408 	EXP 	unnamed Circle: fillColor = <class 'numpy.ndarray'>
156.3408 	EXP 	unnamed Circle: fillColor = <class 'numpy.ndarray'>
156.3574 	EXP 	unnamed Circle: fillColor = <class 'numpy.ndarray'>
156.3574 	EXP 	unnamed Circle: fillColor = <class 'numpy.ndarray'>
156.3741 	EXP 	unnamed Circle: fillColor = <class 'numpy.ndarray'>
156.3741 	EXP 	unnamed Circle: fillColor = <class 'numpy.ndarray'>
156.3908 	EXP 	unnamed Circle: fillColor = <class 'numpy.ndarray'>
156.3908 	EXP 	unnamed Circle: fillColor = <class 'numpy.ndarray'>
156.4074 	EXP 	unnamed Circle: fillColor = <class 'numpy.ndarray'>
156.4074 	EXP 	unnamed Circle: fillColor = <class 'numpy.ndarray'>
156.4241 	EXP 	unnamed Circle: fillColor = <class 'numpy.ndarray'>
156.4241 	EXP 	unnamed Circle: fillColor = <class 'numpy.ndarray'>
156.4408 	EXP 	unnamed Circle: fillColor = <class 'numpy.ndarray'>
156.4408 	EXP 	unnamed Circle: fillColor = <class 'numpy.ndarray'>
156.4574 	EXP 	unnamed Circle: fillColor = <class 'numpy.ndarray'>
156.4574 	EXP 	unnamed Circle: fillColor = <class 'numpy.ndarray'>
156.4741 	EXP 	unnamed Circle: fillColor = <class 'numpy.ndarray'>
156.4741 	EXP 	unnamed Circle: fillColor = <class 'numpy.ndarray'>
156.4908 	EXP 	unnamed Circle: fillColor = <class 'numpy.ndarray'>
156.4908 	EXP 	unnamed Circle: fillColor = <class 'numpy.ndarray'>
156.5074 	EXP 	unnamed Circle: fillColor = <class 'numpy.ndarray'>
156.5074 	EXP 	unnamed Circle: fillColor = <class 'numpy.ndarray'>
156.5241 	EXP 	unnamed Circle: fillColor = <class 'numpy.ndarray'>
156.5241 	EXP 	unnamed Circle: fillColor = <class 'numpy.ndarray'>
156.5408 	EXP 	unnamed Circle: fillColor = <class 'numpy.ndarray'>
156.5408 	EXP 	unnamed Circle: fillColor = <class 'numpy.ndarray'>
156.5574 	EXP 	unnamed Circle: fillColor = <class 'numpy.ndarray'>
156.5574 	EXP 	unnamed Circle: fillColor = <class 'numpy.ndarray'>
156.5741 	EXP 	unnamed Circle: fillColor = <class 'numpy.ndarray'>
156.5741 	EXP 	unnamed Circle: fillColor = <class 'numpy.ndarray'>
156.5908 	EXP 	unnamed Circle: fillColor = <class 'numpy.ndarray'>
156.5908 	EXP 	unnamed Circle: fillColor = <class 'numpy.ndarray'>
156.6074 	EXP 	unnamed Circle: fillColor = <class 'numpy.ndarray'>
156.6074 	EXP 	unnamed Circle: fillColor = <class 'numpy.ndarray'>
156.6241 	EXP 	unnamed Circle: fillColor = <class 'numpy.ndarray'>
156.6241 	EXP 	unnamed Circle: fillColor = <class 'numpy.ndarray'>
156.6410 	EXP 	unnamed Circle: fillColor = <class 'numpy.ndarray'>
156.6410 	EXP 	unnamed Circle: fillColor = <class 'numpy.ndarray'>
156.6574 	EXP 	unnamed Circle: fillColor = <class 'numpy.ndarray'>
156.6574 	EXP 	unnamed Circle: fillColor = <class 'numpy.ndarray'>
156.6741 	EXP 	unnamed Circle: fillColor = <class 'numpy.ndarray'>
156.6741 	EXP 	unnamed Circle: fillColor = <class 'numpy.ndarray'>
156.6908 	EXP 	unnamed Circle: fillColor = <class 'numpy.ndarray'>
156.6908 	EXP 	unnamed Circle: fillColor = <class 'numpy.ndarray'>
156.7074 	EXP 	unnamed Circle: fillColor = <class 'numpy.ndarray'>
156.7074 	EXP 	unnamed Circle: fillColor = <class 'numpy.ndarray'>
156.7243 	EXP 	unnamed Circle: fillColor = <class 'numpy.ndarray'>
156.7243 	EXP 	unnamed Circle: fillColor = <class 'numpy.ndarray'>
156.7408 	EXP 	unnamed Circle: fillColor = <class 'numpy.ndarray'>
156.7408 	EXP 	unnamed Circle: fillColor = <class 'numpy.ndarray'>
156.7574 	EXP 	unnamed Circle: fillColor = <class 'numpy.ndarray'>
156.7574 	EXP 	unnamed Circle: fillColor = <class 'numpy.ndarray'>
156.7741 	EXP 	unnamed Circle: fillColor = <class 'numpy.ndarray'>
156.7741 	EXP 	unnamed Circle: fillColor = <class 'numpy.ndarray'>
156.7908 	EXP 	unnamed Circle: fillColor = <class 'numpy.ndarray'>
156.7908 	EXP 	unnamed Circle: fillColor = <class 'numpy.ndarray'>
156.8074 	EXP 	unnamed Circle: fillColor = <class 'numpy.ndarray'>
156.8074 	EXP 	unnamed Circle: fillColor = <class 'numpy.ndarray'>
156.8241 	EXP 	unnamed Circle: fillColor = <class 'numpy.ndarray'>
156.8241 	EXP 	unnamed Circle: fillColor = <class 'numpy.ndarray'>
156.8408 	EXP 	unnamed Circle: fillColor = <class 'numpy.ndarray'>
156.8408 	EXP 	unnamed Circle: fillColor = <class 'numpy.ndarray'>
156.8574 	EXP 	unnamed Circle: fillColor = <class 'numpy.ndarray'>
156.8574 	EXP 	unnamed Circle: fillColor = <class 'numpy.ndarray'>
156.8741 	EXP 	unnamed Circle: fillColor = <class 'numpy.ndarray'>
156.8741 	EXP 	unnamed Circle: fillColor = <class 'numpy.ndarray'>
156.8908 	EXP 	unnamed Circle: fillColor = <class 'numpy.ndarray'>
156.8908 	EXP 	unnamed Circle: fillColor = <class 'numpy.ndarray'>
156.9074 	EXP 	unnamed Circle: fillColor = <class 'numpy.ndarray'>
156.9074 	EXP 	unnamed Circle: fillColor = <class 'numpy.ndarray'>
156.9241 	EXP 	unnamed Circle: fillColor = <class 'numpy.ndarray'>
156.9241 	EXP 	unnamed Circle: fillColor = <class 'numpy.ndarray'>
156.9408 	EXP 	unnamed Circle: fillColor = <class 'numpy.ndarray'>
156.9408 	EXP 	unnamed Circle: fillColor = <class 'numpy.ndarray'>
156.9574 	EXP 	unnamed Circle: fillColor = <class 'numpy.ndarray'>
156.9574 	EXP 	unnamed Circle: fillColor = <class 'numpy.ndarray'>
156.9741 	EXP 	unnamed Circle: fillColor = <class 'numpy.ndarray'>
156.9741 	EXP 	unnamed Circle: fillColor = <class 'numpy.ndarray'>
156.9908 	EXP 	unnamed Circle: fillColor = <class 'numpy.ndarray'>
156.9908 	EXP 	unnamed Circle: fillColor = <class 'numpy.ndarray'>
157.0074 	EXP 	unnamed Circle: fillColor = <class 'numpy.ndarray'>
157.0074 	EXP 	unnamed Circle: fillColor = <class 'numpy.ndarray'>
157.0241 	EXP 	unnamed Circle: fillColor = <class 'numpy.ndarray'>
157.0241 	EXP 	unnamed Circle: fillColor = <class 'numpy.ndarray'>
157.0408 	EXP 	unnamed Circle: fillColor = <class 'numpy.ndarray'>
157.0408 	EXP 	unnamed Circle: fillColor = <class 'numpy.ndarray'>
157.0576 	EXP 	unnamed Circle: fillColor = <class 'numpy.ndarray'>
157.0576 	EXP 	unnamed Circle: fillColor = <class 'numpy.ndarray'>
157.0741 	EXP 	unnamed Circle: fillColor = <class 'numpy.ndarray'>
157.0741 	EXP 	unnamed Circle: fillColor = <class 'numpy.ndarray'>
157.0908 	EXP 	unnamed Circle: fillColor = <class 'numpy.ndarray'>
157.0908 	EXP 	unnamed Circle: fillColor = <class 'numpy.ndarray'>
157.1075 	EXP 	unnamed Circle: fillColor = <class 'numpy.ndarray'>
157.1075 	EXP 	unnamed Circle: fillColor = <class 'numpy.ndarray'>
157.1241 	EXP 	unnamed Circle: fillColor = <class 'numpy.ndarray'>
157.1241 	EXP 	unnamed Circle: fillColor = <class 'numpy.ndarray'>
157.1408 	EXP 	unnamed Circle: fillColor = <class 'numpy.ndarray'>
157.1408 	EXP 	unnamed Circle: fillColor = <class 'numpy.ndarray'>
157.1574 	EXP 	unnamed Circle: fillColor = <class 'numpy.ndarray'>
157.1574 	EXP 	unnamed Circle: fillColor = <class 'numpy.ndarray'>
157.1741 	EXP 	unnamed Circle: fillColor = <class 'numpy.ndarray'>
157.1741 	EXP 	unnamed Circle: fillColor = <class 'numpy.ndarray'>
157.1908 	EXP 	unnamed Circle: fillColor = <class 'numpy.ndarray'>
157.1908 	EXP 	unnamed Circle: fillColor = <class 'numpy.ndarray'>
157.2074 	EXP 	unnamed Circle: fillColor = <class 'numpy.ndarray'>
157.2074 	EXP 	unnamed Circle: fillColor = <class 'numpy.ndarray'>
157.2241 	EXP 	unnamed Circle: fillColor = <class 'numpy.ndarray'>
157.2241 	EXP 	unnamed Circle: fillColor = <class 'numpy.ndarray'>
157.2408 	EXP 	unnamed Circle: fillColor = <class 'numpy.ndarray'>
157.2408 	EXP 	unnamed Circle: fillColor = <class 'numpy.ndarray'>
157.2574 	EXP 	unnamed Circle: fillColor = <class 'numpy.ndarray'>
157.2574 	EXP 	unnamed Circle: fillColor = <class 'numpy.ndarray'>
157.2741 	EXP 	unnamed Circle: fillColor = <class 'numpy.ndarray'>
157.2741 	EXP 	unnamed Circle: fillColor = <class 'numpy.ndarray'>
157.2908 	EXP 	unnamed Circle: fillColor = <class 'numpy.ndarray'>
157.2908 	EXP 	unnamed Circle: fillColor = <class 'numpy.ndarray'>
157.3075 	EXP 	unnamed Circle: fillColor = <class 'numpy.ndarray'>
157.3075 	EXP 	unnamed Circle: fillColor = <class 'numpy.ndarray'>
157.3241 	EXP 	unnamed Circle: fillColor = <class 'numpy.ndarray'>
157.3241 	EXP 	unnamed Circle: fillColor = <class 'numpy.ndarray'>
157.3408 	EXP 	unnamed Circle: fillColor = <class 'numpy.ndarray'>
157.3408 	EXP 	unnamed Circle: fillColor = <class 'numpy.ndarray'>
157.3574 	EXP 	unnamed Circle: fillColor = <class 'numpy.ndarray'>
157.3574 	EXP 	unnamed Circle: fillColor = <class 'numpy.ndarray'>
157.3741 	EXP 	unnamed Circle: fillColor = <class 'numpy.ndarray'>
157.3741 	EXP 	unnamed Circle: fillColor = <class 'numpy.ndarray'>
157.3908 	EXP 	unnamed Circle: fillColor = <class 'numpy.ndarray'>
157.3908 	EXP 	unnamed Circle: fillColor = <class 'numpy.ndarray'>
157.4074 	EXP 	unnamed Circle: fillColor = <class 'numpy.ndarray'>
157.4074 	EXP 	unnamed Circle: fillColor = <class 'numpy.ndarray'>
157.4241 	EXP 	unnamed Circle: fillColor = <class 'numpy.ndarray'>
157.4241 	EXP 	unnamed Circle: fillColor = <class 'numpy.ndarray'>
157.4408 	EXP 	unnamed Circle: fillColor = <class 'numpy.ndarray'>
157.4408 	EXP 	unnamed Circle: fillColor = <class 'numpy.ndarray'>
157.4574 	EXP 	unnamed Circle: fillColor = <class 'numpy.ndarray'>
157.4574 	EXP 	unnamed Circle: fillColor = <class 'numpy.ndarray'>
157.4741 	EXP 	unnamed Circle: fillColor = <class 'numpy.ndarray'>
157.4741 	EXP 	unnamed Circle: fillColor = <class 'numpy.ndarray'>
157.4908 	EXP 	unnamed Circle: fillColor = <class 'numpy.ndarray'>
157.4908 	EXP 	unnamed Circle: fillColor = <class 'numpy.ndarray'>
157.5075 	EXP 	unnamed Circle: fillColor = <class 'numpy.ndarray'>
157.5075 	EXP 	unnamed Circle: fillColor = <class 'numpy.ndarray'>
157.5241 	EXP 	unnamed Circle: fillColor = <class 'numpy.ndarray'>
157.5241 	EXP 	unnamed Circle: fillColor = <class 'numpy.ndarray'>
157.5408 	EXP 	unnamed Circle: fillColor = <class 'numpy.ndarray'>
157.5408 	EXP 	unnamed Circle: fillColor = <class 'numpy.ndarray'>
157.5574 	EXP 	unnamed Circle: fillColor = <class 'numpy.ndarray'>
157.5574 	EXP 	unnamed Circle: fillColor = <class 'numpy.ndarray'>
157.5741 	EXP 	unnamed Circle: fillColor = <class 'numpy.ndarray'>
157.5741 	EXP 	unnamed Circle: fillColor = <class 'numpy.ndarray'>
157.5908 	EXP 	unnamed Circle: fillColor = <class 'numpy.ndarray'>
157.5908 	EXP 	unnamed Circle: fillColor = <class 'numpy.ndarray'>
157.6075 	EXP 	unnamed Circle: fillColor = <class 'numpy.ndarray'>
157.6075 	EXP 	unnamed Circle: fillColor = <class 'numpy.ndarray'>
157.6241 	EXP 	unnamed Circle: fillColor = <class 'numpy.ndarray'>
157.6241 	EXP 	unnamed Circle: fillColor = <class 'numpy.ndarray'>
157.6408 	EXP 	unnamed Circle: fillColor = <class 'numpy.ndarray'>
157.6408 	EXP 	unnamed Circle: fillColor = <class 'numpy.ndarray'>
157.6574 	EXP 	unnamed Circle: fillColor = <class 'numpy.ndarray'>
157.6574 	EXP 	unnamed Circle: fillColor = <class 'numpy.ndarray'>
157.6741 	EXP 	unnamed Circle: fillColor = <class 'numpy.ndarray'>
157.6741 	EXP 	unnamed Circle: fillColor = <class 'numpy.ndarray'>
157.6908 	EXP 	unnamed Circle: fillColor = <class 'numpy.ndarray'>
157.6908 	EXP 	unnamed Circle: fillColor = <class 'numpy.ndarray'>
157.7074 	EXP 	unnamed Circle: fillColor = <class 'numpy.ndarray'>
157.7074 	EXP 	unnamed Circle: fillColor = <class 'numpy.ndarray'>
157.7241 	EXP 	unnamed Circle: fillColor = <class 'numpy.ndarray'>
157.7241 	EXP 	unnamed Circle: fillColor = <class 'numpy.ndarray'>
157.7408 	EXP 	unnamed Circle: fillColor = <class 'numpy.ndarray'>
157.7408 	EXP 	unnamed Circle: fillColor = <class 'numpy.ndarray'>
