33.3576 	EXP 	DMN_BallTask: status = NOT_STARTED
33.8932 	EXP 	Created window1 = Window(allowGUI=False, allowStencil=False, autoLog=True, backendConf=UNKNOWN, backgroundFit=<method-wrapper '__getattribute__' of attributeSetter object at 0x716905d924b0>, backgroundImage=<method-wrapper '__getattribute__' of attributeSetter object at 0x716905d92450>, bitsMode=UNKNOWN, blendMode='avg', bpc=(8, 8, 8), color=array([-1, -1, -1]), colorSpace='rgb', depthBits=8, fullscr=True, gamma=None, gammaErrorPolicy='raise', infoMsg=UNKNOWN, lms=UNKNOWN, monitor=<psychopy.monitors.calibTools.Monitor object at 0x7168fd6812b0>, multiSample=False, name='window1', numSamples=2, pos=[np.float64(0.0), np.float64(0.0)], screen=1, size=array([1920, 1080]), stencilBits=0, stereo=False, title='PsychoPy', units='norm', useFBO=True, useRetina=False, viewOri=0.0, viewPos=None, viewScale=None, waitBlanking=True, winType='pyglet')
33.8932 	EXP 	window1: backgroundImage = None
33.8932 	EXP 	window1: backgroundFit = 'cover'
33.8937 	EXP 	window1: Attempting to measure frame rate of screen (1) ...
33.8937 	EXP 	window1: recordFrameIntervals = False
34.0597 	EXP 	window1: recordFrameIntervals = True
34.2431 	EXP 	Screen (1) actual frame rate measured at 60.00Hz
34.2431 	EXP 	window1: recordFrameIntervals = False
34.2675 	EXP 	Created text = TextStim(__class__=<class 'psychopy.visual.text.TextStim'>, alignHoriz=method-wrapper(...), alignText='center', alignVert=method-wrapper(...), anchorHoriz='center', anchorVert='center', antialias=True, autoDraw=False, autoLog=True, bold=False, color=array([1., 1., 1.]), colorSpace='rgb', contrast=1.0, depth=0.0, draggable=False, flipHoriz=False, flipVert=False, font='Liberation Sans', fontFiles=[], height=np.float64(0.06), italic=False, languageStyle='LTR', name='text', opacity=1, ori=0, pos=array([0. , 0.2]), rgb=UNKNOWN, text=str(...), units='norm', win=Window(...), wrapWidth=1.2)
34.2680 	EXP 	Created text = TextStim(__class__=<class 'psychopy.visual.text.TextStim'>, alignHoriz=method-wrapper(...), alignText='center', alignVert=method-wrapper(...), anchorHoriz='center', anchorVert='center', antialias=True, autoDraw=False, autoLog=True, bold=False, color=array([1., 1., 1.]), colorSpace='rgb', contrast=1.0, depth=0.0, draggable=False, flipHoriz=False, flipVert=False, font='Liberation Sans', fontFiles=[], height=0.06, italic=False, languageStyle='LTR', name='text', opacity=1, ori=0, pos=array([0., 0.]), rgb=UNKNOWN, text='', units='norm', win=Window(...), wrapWidth=1.2)
34.2731 	EXP 	Created waiting_for_trigger_text = TextStim(__class__=<class 'psychopy.visual.text.TextStim'>, alignHoriz=method-wrapper(...), alignText='center', alignVert=method-wrapper(...), anchorHoriz='center', anchorVert='center', antialias=True, autoDraw=False, autoLog=True, bold=False, color=array([1., 1., 1.]), colorSpace='rgb', contrast=1.0, depth=0.0, draggable=False, flipHoriz=False, flipVert=False, font='Liberation Sans', fontFiles=[], height=np.float64(0.1), italic=False, languageStyle='LTR', name='waiting_for_trigger_text', opacity=1, ori=0, pos=array([0., 0.]), rgb=UNKNOWN, text='waiting for scanner', units='norm', win=Window(...), wrapWidth=2)
34.2777 	EXP 	Created text_2 = TextStim(__class__=<class 'psychopy.visual.text.TextStim'>, alignHoriz=method-wrapper(...), alignText='center', alignVert=method-wrapper(...), anchorHoriz='center', anchorVert='center', antialias=True, autoDraw=False, autoLog=True, bold=False, color=array([1., 1., 1.]), colorSpace='rgb', contrast=1.0, depth=0.0, draggable=False, flipHoriz=False, flipVert=False, font='Liberation Sans', fontFiles=[], height=np.float64(0.3), italic=False, languageStyle='LTR', name='text_2', opacity=1, ori=0, pos=array([0., 0.]), rgb=UNKNOWN, text='+', units='norm', win=Window(...), wrapWidth=1)
34.2825 	EXP 	Created text_relax = TextStim(__class__=<class 'psychopy.visual.text.TextStim'>, alignHoriz=method-wrapper(...), alignText='center', alignVert=method-wrapper(...), anchorHoriz='center', anchorVert='center', antialias=True, autoDraw=False, autoLog=True, bold=False, color=array([1., 1., 1.]), colorSpace='rgb', contrast=1.0, depth=0.0, draggable=False, flipHoriz=False, flipVert=False, font='Liberation Sans', fontFiles=[], height=np.float64(0.07), italic=False, languageStyle='LTR', name='text_relax', opacity=1, ori=0, pos=array([ 0. , -0.2]), rgb=UNKNOWN, text='Relax', units='norm', win=Window(...), wrapWidth=1)
34.2844 	EXP 	Created text_4 = TextStim(__class__=<class 'psychopy.visual.text.TextStim'>, alignHoriz=method-wrapper(...), alignText='center', alignVert=method-wrapper(...), anchorHoriz='center', anchorVert='center', antialias=True, autoDraw=False, autoLog=True, bold=False, color=array([1., 1., 1.]), colorSpace='rgb', contrast=1.0, depth=-3.0, draggable=False, flipHoriz=False, flipVert=False, font='Liberation Sans', fontFiles=[], height=np.float64(0.1), italic=False, languageStyle='LTR', name='text_4', opacity=1, ori=0, pos=array([0., 0.]), rgb=UNKNOWN, text='default text', units='norm', win=Window(...), wrapWidth=1)
34.2892 	WARNING 	fillRGB parameter is deprecated. Please use lineColor and colorSpace instead
34.2893 	WARNING 	lineRGB parameter is deprecated. Please use lineColor and colorSpace instead
34.2925 	EXP 	Created unnamed Circle = Circle(__class__=<class 'psychopy.visual.circle.Circle'>, anchor=('center', 'center'), autoDraw=False, autoLog=True, closeShape=True, color=method-wrapper(...), colorSpace='rgb', contrast=None, depth=0, draggable=False, fillColor=array([0, 0, 0]), fillColorSpace='rgb', fillRGB=array([0, 0, 0]), interpolate=True, lineColor=array([ 1.,  1., -1.]), lineColorSpace='rgb', lineRGB=array([ 1,  1, -1]), lineWidth=2, name='unnamed Circle', opacity=1, ori=0.0, pos=array([0.        , 0.33333333]), size=array([1., 1.]), units='norm', vertices=ndarray(...), win=Window(...), windingRule=None)
34.2965 	WARNING 	fillRGB parameter is deprecated. Please use lineColor and colorSpace instead
34.2966 	WARNING 	lineRGB parameter is deprecated. Please use lineColor and colorSpace instead
34.2997 	EXP 	Created unnamed Circle = Circle(__class__=<class 'psychopy.visual.circle.Circle'>, anchor=('center', 'center'), autoDraw=False, autoLog=True, closeShape=True, color=method-wrapper(...), colorSpace='rgb', contrast=None, depth=0, draggable=False, fillColor=array([0, 0, 0]), fillColorSpace='rgb', fillRGB=array([0, 0, 0]), interpolate=True, lineColor=array([-1., -1.,  1.]), lineColorSpace='rgb', lineRGB=array([-1, -1,  1]), lineWidth=2, name='unnamed Circle', opacity=1, ori=0.0, pos=array([ 0.        , -0.33333333]), size=array([1., 1.]), units='norm', vertices=ndarray(...), win=Window(...), windingRule=None)
34.3037 	WARNING 	fillRGB parameter is deprecated. Please use lineColor and colorSpace instead
34.3038 	WARNING 	lineRGB parameter is deprecated. Please use lineColor and colorSpace instead
34.3068 	EXP 	Created unnamed Circle = Circle(__class__=<class 'psychopy.visual.circle.Circle'>, anchor=('center', 'center'), autoDraw=False, autoLog=True, closeShape=True, color=method-wrapper(...), colorSpace='rgb', contrast=None, depth=0, draggable=False, fillColor=array([1, 1, 1]), fillColorSpace='rgb', fillRGB=array([1, 1, 1]), interpolate=True, lineColor=array([1., 1., 1.]), lineColorSpace='rgb', lineRGB=array([1, 1, 1]), lineWidth=1.5, name='unnamed Circle', opacity=1, ori=0.0, pos=array([0., 0.]), size=array([1., 1.]), units='norm', vertices=ndarray(...), win=Window(...), windingRule=None)
34.3109 	WARNING 	fillRGB parameter is deprecated. Please use lineColor and colorSpace instead
34.3110 	WARNING 	lineRGB parameter is deprecated. Please use lineColor and colorSpace instead
34.3140 	EXP 	Created unnamed Circle = Circle(__class__=<class 'psychopy.visual.circle.Circle'>, anchor=('center', 'center'), autoDraw=False, autoLog=True, closeShape=True, color=method-wrapper(...), colorSpace='rgb', contrast=None, depth=0, draggable=False, fillColor=array([1, 1, 1]), fillColorSpace='rgb', fillRGB=array([1, 1, 1]), interpolate=True, lineColor=array([1., 1., 1.]), lineColorSpace='rgb', lineRGB=array([1, 1, 1]), lineWidth=3, name='unnamed Circle', opacity=1, ori=0.0, pos=array([0., 0.]), size=array([1., 1.]), units='norm', vertices=ndarray(...), win=Window(...), windingRule=None)
34.3159 	EXP 	Created instruct_text = TextStim(__class__=<class 'psychopy.visual.text.TextStim'>, alignHoriz=method-wrapper(...), alignText='center', alignVert=method-wrapper(...), anchorHoriz='center', anchorVert='center', antialias=True, autoDraw=False, autoLog=True, bold=False, color=array([1., 1., 1.]), colorSpace='rgb', contrast=1.0, depth=0.0, draggable=False, flipHoriz=False, flipVert=False, font='Liberation Sans', fontFiles=[], height=np.float64(0.06), italic=False, languageStyle='LTR', name='instruct_text', opacity=1, ori=0, pos=array([0., 0.]), rgb=UNKNOWN, text='replace me', units='norm', win=Window(...), wrapWidth=1.2)
34.3175 	EXP 	Created thank_you_end_run_text = TextStim(__class__=<class 'psychopy.visual.text.TextStim'>, alignHoriz=method-wrapper(...), alignText='center', alignVert=method-wrapper(...), anchorHoriz='center', anchorVert='center', antialias=True, autoDraw=False, autoLog=True, bold=False, color=array([1., 1., 1.]), colorSpace='rgb', contrast=1.0, depth=0.0, draggable=False, flipHoriz=False, flipVert=False, font='Liberation Sans', fontFiles=[], height=np.float64(0.1), italic=False, languageStyle='LTR', name='thank_you_end_run_text', opacity=1, ori=0, pos=array([0., 0.]), rgb=UNKNOWN, text='thank you!', units='norm', win=Window(...), wrapWidth=1)
34.3255 	EXP 	instruct_text: height = np.float64(0.06)
34.3255 	EXP 	instruct_text: height = np.float64(0.06)
34.3255 	EXP 	instruct_text: height = np.float64(0.06)
34.3255 	EXP 	instruct_text: text = 'Great job! Now, you’ll get to continue your Mental Noting with some feedback based on your actual brain activity to help your practice! \n\nYou will see the 2 circles and white ball again. When the white ball moves up towards the top yellow circle, this means you are in a mindful brain state with your Noting practice. \nIf the ball reaches either of the circles, it will move back to the center.'
49.7884 	DATA 	Keypress: space
49.7924 	EXP 	instruct_text: height = np.float64(0.06)
49.7924 	EXP 	instruct_text: height = np.float64(0.06)
49.7924 	EXP 	instruct_text: height = np.float64(0.06)
49.7924 	EXP 	instruct_text: text = 'Try to focus mostly on the Noting Practice by being aware of your sensations from moment to moment and silently making a note in your mind. \n\nYou can check the screen every once in a while to see where the ball is going.'
55.1562 	DATA 	Keypress: space
55.1758 	EXP 	instruct_text: height = np.float64(0.06)
55.1758 	EXP 	instruct_text: height = np.float64(0.06)
55.1758 	EXP 	instruct_text: height = np.float64(0.06)
55.1758 	EXP 	instruct_text: text = 'You will see the plus sign (+) for 30 seconds at the start. Whenever you see the plus +,  please don’t practice Noting – just relax.\n\nOnce the circles appear, please start the Noting practice. This practice will last 2.5 min.'
80.4267 	DATA 	Keypress: y
82.8451 	DATA 	Keypress: b
86.9800 	DATA 	Keypress: y
87.2980 	DATA 	Keypress: y
88.3140 	DATA 	Keypress: b
92.7536 	DATA 	Keypress: space
92.7597 	EXP 	waiting_for_trigger_text: autoDraw = True
118.1768 	DATA 	Mouse: Left button down, pos=(842,802)
118.2273 	DATA 	Mouse:  Left button up, pos=(842,802)
118.3606 	DATA 	Keypress: t
118.3767 	EXP 	waiting_for_trigger_text: autoDraw = False
118.3767 	EXP 	text_2: autoDraw = True
118.3767 	EXP 	text_relax: autoDraw = True
119.5606 	DATA 	Keypress: t
120.7601 	DATA 	Keypress: t
148.3780 	EXP 	text_2: autoDraw = False
148.3780 	EXP 	text_relax: autoDraw = False
148.3780 	EXP 	text_2: autoDraw = False
151.7110 	DATA 	Mouse: Left button down, pos=(1335,709)
151.7617 	DATA 	Mouse:  Left button up, pos=(1335,709)
158.4277 	EXP 	text_2: autoDraw = True
159.4273 	EXP 	text_2: autoDraw = False
159.4273 	EXP 	text_2: autoDraw = False
161.1030 	DATA 	Mouse: Left button down, pos=(1387,723)
161.1650 	DATA 	Mouse:  Left button up, pos=(1387,723)
161.3812 	DATA 	Keypress: escape
161.6153 	DATA 	Keypress: escape
33.3576 	EXP 	DMN_BallTask: status = NOT_STARTED
33.8932 	EXP 	Created window1 = Window(allowGUI=False, allowStencil=False, autoLog=True, backendConf=UNKNOWN, backgroundFit=<method-wrapper '__getattribute__' of attributeSetter object at 0x716905d924b0>, backgroundImage=<method-wrapper '__getattribute__' of attributeSetter object at 0x716905d92450>, bitsMode=UNKNOWN, blendMode='avg', bpc=(8, 8, 8), color=array([-1, -1, -1]), colorSpace='rgb', depthBits=8, fullscr=True, gamma=None, gammaErrorPolicy='raise', infoMsg=UNKNOWN, lms=UNKNOWN, monitor=<psychopy.monitors.calibTools.Monitor object at 0x7168fd6812b0>, multiSample=False, name='window1', numSamples=2, pos=[np.float64(0.0), np.float64(0.0)], screen=1, size=array([1920, 1080]), stencilBits=0, stereo=False, title='PsychoPy', units='norm', useFBO=True, useRetina=False, viewOri=0.0, viewPos=None, viewScale=None, waitBlanking=True, winType='pyglet')
33.8932 	EXP 	window1: backgroundImage = None
33.8932 	EXP 	window1: backgroundFit = 'cover'
33.8937 	EXP 	window1: Attempting to measure frame rate of screen (1) ...
33.8937 	EXP 	window1: recordFrameIntervals = False
34.0597 	EXP 	window1: recordFrameIntervals = True
34.2431 	EXP 	Screen (1) actual frame rate measured at 60.00Hz
34.2431 	EXP 	window1: recordFrameIntervals = False
34.2675 	EXP 	Created text = TextStim(__class__=<class 'psychopy.visual.text.TextStim'>, alignHoriz=method-wrapper(...), alignText='center', alignVert=method-wrapper(...), anchorHoriz='center', anchorVert='center', antialias=True, autoDraw=False, autoLog=True, bold=False, color=array([1., 1., 1.]), colorSpace='rgb', contrast=1.0, depth=0.0, draggable=False, flipHoriz=False, flipVert=False, font='Liberation Sans', fontFiles=[], height=np.float64(0.06), italic=False, languageStyle='LTR', name='text', opacity=1, ori=0, pos=array([0. , 0.2]), rgb=UNKNOWN, text=str(...), units='norm', win=Window(...), wrapWidth=1.2)
34.2680 	EXP 	Created text = TextStim(__class__=<class 'psychopy.visual.text.TextStim'>, alignHoriz=method-wrapper(...), alignText='center', alignVert=method-wrapper(...), anchorHoriz='center', anchorVert='center', antialias=True, autoDraw=False, autoLog=True, bold=False, color=array([1., 1., 1.]), colorSpace='rgb', contrast=1.0, depth=0.0, draggable=False, flipHoriz=False, flipVert=False, font='Liberation Sans', fontFiles=[], height=0.06, italic=False, languageStyle='LTR', name='text', opacity=1, ori=0, pos=array([0., 0.]), rgb=UNKNOWN, text='', units='norm', win=Window(...), wrapWidth=1.2)
34.2731 	EXP 	Created waiting_for_trigger_text = TextStim(__class__=<class 'psychopy.visual.text.TextStim'>, alignHoriz=method-wrapper(...), alignText='center', alignVert=method-wrapper(...), anchorHoriz='center', anchorVert='center', antialias=True, autoDraw=False, autoLog=True, bold=False, color=array([1., 1., 1.]), colorSpace='rgb', contrast=1.0, depth=0.0, draggable=False, flipHoriz=False, flipVert=False, font='Liberation Sans', fontFiles=[], height=np.float64(0.1), italic=False, languageStyle='LTR', name='waiting_for_trigger_text', opacity=1, ori=0, pos=array([0., 0.]), rgb=UNKNOWN, text='waiting for scanner', units='norm', win=Window(...), wrapWidth=2)
34.2777 	EXP 	Created text_2 = TextStim(__class__=<class 'psychopy.visual.text.TextStim'>, alignHoriz=method-wrapper(...), alignText='center', alignVert=method-wrapper(...), anchorHoriz='center', anchorVert='center', antialias=True, autoDraw=False, autoLog=True, bold=False, color=array([1., 1., 1.]), colorSpace='rgb', contrast=1.0, depth=0.0, draggable=False, flipHoriz=False, flipVert=False, font='Liberation Sans', fontFiles=[], height=np.float64(0.3), italic=False, languageStyle='LTR', name='text_2', opacity=1, ori=0, pos=array([0., 0.]), rgb=UNKNOWN, text='+', units='norm', win=Window(...), wrapWidth=1)
34.2825 	EXP 	Created text_relax = TextStim(__class__=<class 'psychopy.visual.text.TextStim'>, alignHoriz=method-wrapper(...), alignText='center', alignVert=method-wrapper(...), anchorHoriz='center', anchorVert='center', antialias=True, autoDraw=False, autoLog=True, bold=False, color=array([1., 1., 1.]), colorSpace='rgb', contrast=1.0, depth=0.0, draggable=False, flipHoriz=False, flipVert=False, font='Liberation Sans', fontFiles=[], height=np.float64(0.07), italic=False, languageStyle='LTR', name='text_relax', opacity=1, ori=0, pos=array([ 0. , -0.2]), rgb=UNKNOWN, text='Relax', units='norm', win=Window(...), wrapWidth=1)
34.2844 	EXP 	Created text_4 = TextStim(__class__=<class 'psychopy.visual.text.TextStim'>, alignHoriz=method-wrapper(...), alignText='center', alignVert=method-wrapper(...), anchorHoriz='center', anchorVert='center', antialias=True, autoDraw=False, autoLog=True, bold=False, color=array([1., 1., 1.]), colorSpace='rgb', contrast=1.0, depth=-3.0, draggable=False, flipHoriz=False, flipVert=False, font='Liberation Sans', fontFiles=[], height=np.float64(0.1), italic=False, languageStyle='LTR', name='text_4', opacity=1, ori=0, pos=array([0., 0.]), rgb=UNKNOWN, text='default text', units='norm', win=Window(...), wrapWidth=1)
34.2892 	WARNING 	fillRGB parameter is deprecated. Please use lineColor and colorSpace instead
34.2893 	WARNING 	lineRGB parameter is deprecated. Please use lineColor and colorSpace instead
34.2925 	EXP 	Created unnamed Circle = Circle(__class__=<class 'psychopy.visual.circle.Circle'>, anchor=('center', 'center'), autoDraw=False, autoLog=True, closeShape=True, color=method-wrapper(...), colorSpace='rgb', contrast=None, depth=0, draggable=False, fillColor=array([0, 0, 0]), fillColorSpace='rgb', fillRGB=array([0, 0, 0]), interpolate=True, lineColor=array([ 1.,  1., -1.]), lineColorSpace='rgb', lineRGB=array([ 1,  1, -1]), lineWidth=2, name='unnamed Circle', opacity=1, ori=0.0, pos=array([0.        , 0.33333333]), size=array([1., 1.]), units='norm', vertices=ndarray(...), win=Window(...), windingRule=None)
34.2965 	WARNING 	fillRGB parameter is deprecated. Please use lineColor and colorSpace instead
34.2966 	WARNING 	lineRGB parameter is deprecated. Please use lineColor and colorSpace instead
34.2997 	EXP 	Created unnamed Circle = Circle(__class__=<class 'psychopy.visual.circle.Circle'>, anchor=('center', 'center'), autoDraw=False, autoLog=True, closeShape=True, color=method-wrapper(...), colorSpace='rgb', contrast=None, depth=0, draggable=False, fillColor=array([0, 0, 0]), fillColorSpace='rgb', fillRGB=array([0, 0, 0]), interpolate=True, lineColor=array([-1., -1.,  1.]), lineColorSpace='rgb', lineRGB=array([-1, -1,  1]), lineWidth=2, name='unnamed Circle', opacity=1, ori=0.0, pos=array([ 0.        , -0.33333333]), size=array([1., 1.]), units='norm', vertices=ndarray(...), win=Window(...), windingRule=None)
34.3037 	WARNING 	fillRGB parameter is deprecated. Please use lineColor and colorSpace instead
34.3038 	WARNING 	lineRGB parameter is deprecated. Please use lineColor and colorSpace instead
34.3068 	EXP 	Created unnamed Circle = Circle(__class__=<class 'psychopy.visual.circle.Circle'>, anchor=('center', 'center'), autoDraw=False, autoLog=True, closeShape=True, color=method-wrapper(...), colorSpace='rgb', contrast=None, depth=0, draggable=False, fillColor=array([1, 1, 1]), fillColorSpace='rgb', fillRGB=array([1, 1, 1]), interpolate=True, lineColor=array([1., 1., 1.]), lineColorSpace='rgb', lineRGB=array([1, 1, 1]), lineWidth=1.5, name='unnamed Circle', opacity=1, ori=0.0, pos=array([0., 0.]), size=array([1., 1.]), units='norm', vertices=ndarray(...), win=Window(...), windingRule=None)
34.3109 	WARNING 	fillRGB parameter is deprecated. Please use lineColor and colorSpace instead
34.3110 	WARNING 	lineRGB parameter is deprecated. Please use lineColor and colorSpace instead
34.3140 	EXP 	Created unnamed Circle = Circle(__class__=<class 'psychopy.visual.circle.Circle'>, anchor=('center', 'center'), autoDraw=False, autoLog=True, closeShape=True, color=method-wrapper(...), colorSpace='rgb', contrast=None, depth=0, draggable=False, fillColor=array([1, 1, 1]), fillColorSpace='rgb', fillRGB=array([1, 1, 1]), interpolate=True, lineColor=array([1., 1., 1.]), lineColorSpace='rgb', lineRGB=array([1, 1, 1]), lineWidth=3, name='unnamed Circle', opacity=1, ori=0.0, pos=array([0., 0.]), size=array([1., 1.]), units='norm', vertices=ndarray(...), win=Window(...), windingRule=None)
34.3159 	EXP 	Created instruct_text = TextStim(__class__=<class 'psychopy.visual.text.TextStim'>, alignHoriz=method-wrapper(...), alignText='center', alignVert=method-wrapper(...), anchorHoriz='center', anchorVert='center', antialias=True, autoDraw=False, autoLog=True, bold=False, color=array([1., 1., 1.]), colorSpace='rgb', contrast=1.0, depth=0.0, draggable=False, flipHoriz=False, flipVert=False, font='Liberation Sans', fontFiles=[], height=np.float64(0.06), italic=False, languageStyle='LTR', name='instruct_text', opacity=1, ori=0, pos=array([0., 0.]), rgb=UNKNOWN, text='replace me', units='norm', win=Window(...), wrapWidth=1.2)
34.3175 	EXP 	Created thank_you_end_run_text = TextStim(__class__=<class 'psychopy.visual.text.TextStim'>, alignHoriz=method-wrapper(...), alignText='center', alignVert=method-wrapper(...), anchorHoriz='center', anchorVert='center', antialias=True, autoDraw=False, autoLog=True, bold=False, color=array([1., 1., 1.]), colorSpace='rgb', contrast=1.0, depth=0.0, draggable=False, flipHoriz=False, flipVert=False, font='Liberation Sans', fontFiles=[], height=np.float64(0.1), italic=False, languageStyle='LTR', name='thank_you_end_run_text', opacity=1, ori=0, pos=array([0., 0.]), rgb=UNKNOWN, text='thank you!', units='norm', win=Window(...), wrapWidth=1)
34.3255 	EXP 	instruct_text: height = np.float64(0.06)
34.3255 	EXP 	instruct_text: height = np.float64(0.06)
34.3255 	EXP 	instruct_text: height = np.float64(0.06)
34.3255 	EXP 	instruct_text: text = 'Great job! Now, you’ll get to continue your Mental Noting with some feedback based on your actual brain activity to help your practice! \n\nYou will see the 2 circles and white ball again. When the white ball moves up towards the top yellow circle, this means you are in a mindful brain state with your Noting practice. \nIf the ball reaches either of the circles, it will move back to the center.'
49.7884 	DATA 	Keypress: space
49.7924 	EXP 	instruct_text: height = np.float64(0.06)
49.7924 	EXP 	instruct_text: height = np.float64(0.06)
49.7924 	EXP 	instruct_text: height = np.float64(0.06)
49.7924 	EXP 	instruct_text: text = 'Try to focus mostly on the Noting Practice by being aware of your sensations from moment to moment and silently making a note in your mind. \n\nYou can check the screen every once in a while to see where the ball is going.'
55.1562 	DATA 	Keypress: space
55.1758 	EXP 	instruct_text: height = np.float64(0.06)
55.1758 	EXP 	instruct_text: height = np.float64(0.06)
55.1758 	EXP 	instruct_text: height = np.float64(0.06)
55.1758 	EXP 	instruct_text: text = 'You will see the plus sign (+) for 30 seconds at the start. Whenever you see the plus +,  please don’t practice Noting – just relax.\n\nOnce the circles appear, please start the Noting practice. This practice will last 2.5 min.'
80.4267 	DATA 	Keypress: y
82.8451 	DATA 	Keypress: b
86.9800 	DATA 	Keypress: y
87.2980 	DATA 	Keypress: y
88.3140 	DATA 	Keypress: b
92.7536 	DATA 	Keypress: space
92.7597 	EXP 	waiting_for_trigger_text: autoDraw = True
118.1768 	DATA 	Mouse: Left button down, pos=(842,802)
118.2273 	DATA 	Mouse:  Left button up, pos=(842,802)
118.3606 	DATA 	Keypress: t
118.3767 	EXP 	waiting_for_trigger_text: autoDraw = False
118.3767 	EXP 	text_2: autoDraw = True
118.3767 	EXP 	text_relax: autoDraw = True
119.5606 	DATA 	Keypress: t
120.7601 	DATA 	Keypress: t
148.3780 	EXP 	text_2: autoDraw = False
148.3780 	EXP 	text_relax: autoDraw = False
148.3780 	EXP 	text_2: autoDraw = False
151.7110 	DATA 	Mouse: Left button down, pos=(1335,709)
151.7617 	DATA 	Mouse:  Left button up, pos=(1335,709)
158.4277 	EXP 	text_2: autoDraw = True
159.4273 	EXP 	text_2: autoDraw = False
159.4273 	EXP 	text_2: autoDraw = False
161.1030 	DATA 	Mouse: Left button down, pos=(1387,723)
161.1650 	DATA 	Mouse:  Left button up, pos=(1387,723)
161.3812 	DATA 	Keypress: escape
161.6153 	DATA 	Keypress: escape
