20.3371 	EXP 	DMN_BallTask: status = NOT_STARTED
20.9028 	EXP 	Created window1 = Window(allowGUI=False, allowStencil=False, autoLog=True, backendConf=UNKNOWN, backgroundFit=<method-wrapper '__getattribute__' of attributeSetter object at 0x7a6e03a924b0>, backgroundImage=<method-wrapper '__getattribute__' of attributeSetter object at 0x7a6e03a92450>, bitsMode=UNKNOWN, blendMode='avg', bpc=(8, 8, 8), color=array([-1, -1, -1]), colorSpace='rgb', depthBits=8, fullscr=True, gamma=None, gammaErrorPolicy='raise', infoMsg=UNKNOWN, lms=UNKNOWN, monitor=<psychopy.monitors.calibTools.Monitor object at 0x7a6dfb2da120>, multiSample=False, name='window1', numSamples=2, pos=[np.float64(0.0), np.float64(0.0)], screen=1, size=array([1920, 1080]), stencilBits=0, stereo=False, title='PsychoPy', units='norm', useFBO=True, useRetina=False, viewOri=0.0, viewPos=None, viewScale=None, waitBlanking=True, winType='pyglet')
20.9028 	EXP 	window1: backgroundImage = None
20.9028 	EXP 	window1: backgroundFit = 'cover'
20.9034 	EXP 	window1: Attempting to measure frame rate of screen (1) ...
20.9034 	EXP 	window1: recordFrameIntervals = False
21.0693 	EXP 	window1: recordFrameIntervals = True
21.2527 	EXP 	Screen (1) actual frame rate measured at 59.99Hz
21.2527 	EXP 	window1: recordFrameIntervals = False
21.2773 	EXP 	Created text = TextStim(__class__=<class 'psychopy.visual.text.TextStim'>, alignHoriz=method-wrapper(...), alignText='center', alignVert=method-wrapper(...), anchorHoriz='center', anchorVert='center', antialias=True, autoDraw=False, autoLog=True, bold=False, color=array([1., 1., 1.]), colorSpace='rgb', contrast=1.0, depth=0.0, draggable=False, flipHoriz=False, flipVert=False, font='Liberation Sans', fontFiles=[], height=np.float64(0.06), italic=False, languageStyle='LTR', name='text', opacity=1, ori=0, pos=array([0. , 0.2]), rgb=UNKNOWN, text=str(...), units='norm', win=Window(...), wrapWidth=1.2)
21.2778 	EXP 	Created text = TextStim(__class__=<class 'psychopy.visual.text.TextStim'>, alignHoriz=method-wrapper(...), alignText='center', alignVert=method-wrapper(...), anchorHoriz='center', anchorVert='center', antialias=True, autoDraw=False, autoLog=True, bold=False, color=array([1., 1., 1.]), colorSpace='rgb', contrast=1.0, depth=0.0, draggable=False, flipHoriz=False, flipVert=False, font='Liberation Sans', fontFiles=[], height=0.06, italic=False, languageStyle='LTR', name='text', opacity=1, ori=0, pos=array([0., 0.]), rgb=UNKNOWN, text='', units='norm', win=Window(...), wrapWidth=1.2)
21.2831 	EXP 	Created waiting_for_trigger_text = TextStim(__class__=<class 'psychopy.visual.text.TextStim'>, alignHoriz=method-wrapper(...), alignText='center', alignVert=method-wrapper(...), anchorHoriz='center', anchorVert='center', antialias=True, autoDraw=False, autoLog=True, bold=False, color=array([1., 1., 1.]), colorSpace='rgb', contrast=1.0, depth=0.0, draggable=False, flipHoriz=False, flipVert=False, font='Liberation Sans', fontFiles=[], height=np.float64(0.1), italic=False, languageStyle='LTR', name='waiting_for_trigger_text', opacity=1, ori=0, pos=array([0., 0.]), rgb=UNKNOWN, text='waiting for scanner', units='norm', win=Window(...), wrapWidth=2)
21.2877 	EXP 	Created text_2 = TextStim(__class__=<class 'psychopy.visual.text.TextStim'>, alignHoriz=method-wrapper(...), alignText='center', alignVert=method-wrapper(...), anchorHoriz='center', anchorVert='center', antialias=True, autoDraw=False, autoLog=True, bold=False, color=array([1., 1., 1.]), colorSpace='rgb', contrast=1.0, depth=0.0, draggable=False, flipHoriz=False, flipVert=False, font='Liberation Sans', fontFiles=[], height=np.float64(0.3), italic=False, languageStyle='LTR', name='text_2', opacity=1, ori=0, pos=array([0., 0.]), rgb=UNKNOWN, text='+', units='norm', win=Window(...), wrapWidth=1)
21.2926 	EXP 	Created text_relax = TextStim(__class__=<class 'psychopy.visual.text.TextStim'>, alignHoriz=method-wrapper(...), alignText='center', alignVert=method-wrapper(...), anchorHoriz='center', anchorVert='center', antialias=True, autoDraw=False, autoLog=True, bold=False, color=array([1., 1., 1.]), colorSpace='rgb', contrast=1.0, depth=0.0, draggable=False, flipHoriz=False, flipVert=False, font='Liberation Sans', fontFiles=[], height=np.float64(0.07), italic=False, languageStyle='LTR', name='text_relax', opacity=1, ori=0, pos=array([ 0. , -0.2]), rgb=UNKNOWN, text='Relax', units='norm', win=Window(...), wrapWidth=1)
21.2943 	EXP 	Created text_4 = TextStim(__class__=<class 'psychopy.visual.text.TextStim'>, alignHoriz=method-wrapper(...), alignText='center', alignVert=method-wrapper(...), anchorHoriz='center', anchorVert='center', antialias=True, autoDraw=False, autoLog=True, bold=False, color=array([1., 1., 1.]), colorSpace='rgb', contrast=1.0, depth=-3.0, draggable=False, flipHoriz=False, flipVert=False, font='Liberation Sans', fontFiles=[], height=np.float64(0.1), italic=False, languageStyle='LTR', name='text_4', opacity=1, ori=0, pos=array([0., 0.]), rgb=UNKNOWN, text='default text', units='norm', win=Window(...), wrapWidth=1)
21.2992 	WARNING 	fillRGB parameter is deprecated. Please use lineColor and colorSpace instead
21.2993 	WARNING 	lineRGB parameter is deprecated. Please use lineColor and colorSpace instead
21.3025 	EXP 	Created unnamed Circle = Circle(__class__=<class 'psychopy.visual.circle.Circle'>, anchor=('center', 'center'), autoDraw=False, autoLog=True, closeShape=True, color=method-wrapper(...), colorSpace='rgb', contrast=None, depth=0, draggable=False, fillColor=array([0, 0, 0]), fillColorSpace='rgb', fillRGB=array([0, 0, 0]), interpolate=True, lineColor=array([ 1.,  1., -1.]), lineColorSpace='rgb', lineRGB=array([ 1,  1, -1]), lineWidth=2, name='unnamed Circle', opacity=1, ori=0.0, pos=array([0.        , 0.33333333]), size=array([1., 1.]), units='norm', vertices=ndarray(...), win=Window(...), windingRule=None)
21.3064 	WARNING 	fillRGB parameter is deprecated. Please use lineColor and colorSpace instead
21.3065 	WARNING 	lineRGB parameter is deprecated. Please use lineColor and colorSpace instead
21.3096 	EXP 	Created unnamed Circle = Circle(__class__=<class 'psychopy.visual.circle.Circle'>, anchor=('center', 'center'), autoDraw=False, autoLog=True, closeShape=True, color=method-wrapper(...), colorSpace='rgb', contrast=None, depth=0, draggable=False, fillColor=array([0, 0, 0]), fillColorSpace='rgb', fillRGB=array([0, 0, 0]), interpolate=True, lineColor=array([-1., -1.,  1.]), lineColorSpace='rgb', lineRGB=array([-1, -1,  1]), lineWidth=2, name='unnamed Circle', opacity=1, ori=0.0, pos=array([ 0.        , -0.33333333]), size=array([1., 1.]), units='norm', vertices=ndarray(...), win=Window(...), windingRule=None)
21.3136 	WARNING 	fillRGB parameter is deprecated. Please use lineColor and colorSpace instead
21.3137 	WARNING 	lineRGB parameter is deprecated. Please use lineColor and colorSpace instead
21.3166 	EXP 	Created unnamed Circle = Circle(__class__=<class 'psychopy.visual.circle.Circle'>, anchor=('center', 'center'), autoDraw=False, autoLog=True, closeShape=True, color=method-wrapper(...), colorSpace='rgb', contrast=None, depth=0, draggable=False, fillColor=array([1, 1, 1]), fillColorSpace='rgb', fillRGB=array([1, 1, 1]), interpolate=True, lineColor=array([1., 1., 1.]), lineColorSpace='rgb', lineRGB=array([1, 1, 1]), lineWidth=1.5, name='unnamed Circle', opacity=1, ori=0.0, pos=array([0., 0.]), size=array([1., 1.]), units='norm', vertices=ndarray(...), win=Window(...), windingRule=None)
21.3208 	WARNING 	fillRGB parameter is deprecated. Please use lineColor and colorSpace instead
21.3208 	WARNING 	lineRGB parameter is deprecated. Please use lineColor and colorSpace instead
21.3238 	EXP 	Created unnamed Circle = Circle(__class__=<class 'psychopy.visual.circle.Circle'>, anchor=('center', 'center'), autoDraw=False, autoLog=True, closeShape=True, color=method-wrapper(...), colorSpace='rgb', contrast=None, depth=0, draggable=False, fillColor=array([1, 1, 1]), fillColorSpace='rgb', fillRGB=array([1, 1, 1]), interpolate=True, lineColor=array([1., 1., 1.]), lineColorSpace='rgb', lineRGB=array([1, 1, 1]), lineWidth=3, name='unnamed Circle', opacity=1, ori=0.0, pos=array([0., 0.]), size=array([1., 1.]), units='norm', vertices=ndarray(...), win=Window(...), windingRule=None)
21.3258 	EXP 	Created instruct_text = TextStim(__class__=<class 'psychopy.visual.text.TextStim'>, alignHoriz=method-wrapper(...), alignText='center', alignVert=method-wrapper(...), anchorHoriz='center', anchorVert='center', antialias=True, autoDraw=False, autoLog=True, bold=False, color=array([1., 1., 1.]), colorSpace='rgb', contrast=1.0, depth=0.0, draggable=False, flipHoriz=False, flipVert=False, font='Liberation Sans', fontFiles=[], height=np.float64(0.06), italic=False, languageStyle='LTR', name='instruct_text', opacity=1, ori=0, pos=array([0., 0.]), rgb=UNKNOWN, text='replace me', units='norm', win=Window(...), wrapWidth=1.2)
21.3274 	EXP 	Created thank_you_end_run_text = TextStim(__class__=<class 'psychopy.visual.text.TextStim'>, alignHoriz=method-wrapper(...), alignText='center', alignVert=method-wrapper(...), anchorHoriz='center', anchorVert='center', antialias=True, autoDraw=False, autoLog=True, bold=False, color=array([1., 1., 1.]), colorSpace='rgb', contrast=1.0, depth=0.0, draggable=False, flipHoriz=False, flipVert=False, font='Liberation Sans', fontFiles=[], height=np.float64(0.1), italic=False, languageStyle='LTR', name='thank_you_end_run_text', opacity=1, ori=0, pos=array([0., 0.]), rgb=UNKNOWN, text='thank you!', units='norm', win=Window(...), wrapWidth=1)
21.3351 	EXP 	instruct_text: height = np.float64(0.06)
21.3351 	EXP 	instruct_text: height = np.float64(0.06)
21.3351 	EXP 	instruct_text: height = np.float64(0.06)
21.3351 	EXP 	instruct_text: text = 'Great job! Next, you’ll get to practice Noting for another 2.5min with more brain feedback from the ball. \n\nWhen the ball moves upwards, that corresponds to the Noting Practice.'
22.0370 	DATA 	Mouse: Left button down, pos=(1243,795)
22.1008 	DATA 	Mouse:  Left button up, pos=(1243,795)
22.2421 	DATA 	Keypress: space
22.2518 	EXP 	instruct_text: height = np.float64(0.06)
22.2518 	EXP 	instruct_text: height = np.float64(0.06)
22.2518 	EXP 	instruct_text: height = np.float64(0.06)
22.2518 	EXP 	instruct_text: text = 'You will see the plus sign (+) for 30 seconds at the start. Whenever you see the plus +,  please don’t practice Noting – just relax.\n\nOnce the circles appear, please start the Noting practice. This practice will last 2.5 min.'
22.4928 	DATA 	Keypress: space
22.5018 	EXP 	waiting_for_trigger_text: autoDraw = True
52.5024 	DATA 	Mouse: Left button down, pos=(1032,974)
52.5528 	DATA 	Mouse:  Left button up, pos=(1032,974)
57.8401 	DATA 	Keypress: t
57.8523 	EXP 	waiting_for_trigger_text: autoDraw = False
57.8523 	EXP 	text_2: autoDraw = True
57.8523 	EXP 	text_relax: autoDraw = True
59.0357 	DATA 	Keypress: t
60.2358 	DATA 	Keypress: t
70.1526 	DATA 	Mouse: Left button down, pos=(353,903)
70.1898 	DATA 	Mouse:  Left button up, pos=(353,903)
70.3583 	DATA 	Keypress: escape
20.3371 	EXP 	DMN_BallTask: status = NOT_STARTED
20.9028 	EXP 	Created window1 = Window(allowGUI=False, allowStencil=False, autoLog=True, backendConf=UNKNOWN, backgroundFit=<method-wrapper '__getattribute__' of attributeSetter object at 0x7a6e03a924b0>, backgroundImage=<method-wrapper '__getattribute__' of attributeSetter object at 0x7a6e03a92450>, bitsMode=UNKNOWN, blendMode='avg', bpc=(8, 8, 8), color=array([-1, -1, -1]), colorSpace='rgb', depthBits=8, fullscr=True, gamma=None, gammaErrorPolicy='raise', infoMsg=UNKNOWN, lms=UNKNOWN, monitor=<psychopy.monitors.calibTools.Monitor object at 0x7a6dfb2da120>, multiSample=False, name='window1', numSamples=2, pos=[np.float64(0.0), np.float64(0.0)], screen=1, size=array([1920, 1080]), stencilBits=0, stereo=False, title='PsychoPy', units='norm', useFBO=True, useRetina=False, viewOri=0.0, viewPos=None, viewScale=None, waitBlanking=True, winType='pyglet')
20.9028 	EXP 	window1: backgroundImage = None
20.9028 	EXP 	window1: backgroundFit = 'cover'
20.9034 	EXP 	window1: Attempting to measure frame rate of screen (1) ...
20.9034 	EXP 	window1: recordFrameIntervals = False
21.0693 	EXP 	window1: recordFrameIntervals = True
21.2527 	EXP 	Screen (1) actual frame rate measured at 59.99Hz
21.2527 	EXP 	window1: recordFrameIntervals = False
21.2773 	EXP 	Created text = TextStim(__class__=<class 'psychopy.visual.text.TextStim'>, alignHoriz=method-wrapper(...), alignText='center', alignVert=method-wrapper(...), anchorHoriz='center', anchorVert='center', antialias=True, autoDraw=False, autoLog=True, bold=False, color=array([1., 1., 1.]), colorSpace='rgb', contrast=1.0, depth=0.0, draggable=False, flipHoriz=False, flipVert=False, font='Liberation Sans', fontFiles=[], height=np.float64(0.06), italic=False, languageStyle='LTR', name='text', opacity=1, ori=0, pos=array([0. , 0.2]), rgb=UNKNOWN, text=str(...), units='norm', win=Window(...), wrapWidth=1.2)
21.2778 	EXP 	Created text = TextStim(__class__=<class 'psychopy.visual.text.TextStim'>, alignHoriz=method-wrapper(...), alignText='center', alignVert=method-wrapper(...), anchorHoriz='center', anchorVert='center', antialias=True, autoDraw=False, autoLog=True, bold=False, color=array([1., 1., 1.]), colorSpace='rgb', contrast=1.0, depth=0.0, draggable=False, flipHoriz=False, flipVert=False, font='Liberation Sans', fontFiles=[], height=0.06, italic=False, languageStyle='LTR', name='text', opacity=1, ori=0, pos=array([0., 0.]), rgb=UNKNOWN, text='', units='norm', win=Window(...), wrapWidth=1.2)
21.2831 	EXP 	Created waiting_for_trigger_text = TextStim(__class__=<class 'psychopy.visual.text.TextStim'>, alignHoriz=method-wrapper(...), alignText='center', alignVert=method-wrapper(...), anchorHoriz='center', anchorVert='center', antialias=True, autoDraw=False, autoLog=True, bold=False, color=array([1., 1., 1.]), colorSpace='rgb', contrast=1.0, depth=0.0, draggable=False, flipHoriz=False, flipVert=False, font='Liberation Sans', fontFiles=[], height=np.float64(0.1), italic=False, languageStyle='LTR', name='waiting_for_trigger_text', opacity=1, ori=0, pos=array([0., 0.]), rgb=UNKNOWN, text='waiting for scanner', units='norm', win=Window(...), wrapWidth=2)
21.2877 	EXP 	Created text_2 = TextStim(__class__=<class 'psychopy.visual.text.TextStim'>, alignHoriz=method-wrapper(...), alignText='center', alignVert=method-wrapper(...), anchorHoriz='center', anchorVert='center', antialias=True, autoDraw=False, autoLog=True, bold=False, color=array([1., 1., 1.]), colorSpace='rgb', contrast=1.0, depth=0.0, draggable=False, flipHoriz=False, flipVert=False, font='Liberation Sans', fontFiles=[], height=np.float64(0.3), italic=False, languageStyle='LTR', name='text_2', opacity=1, ori=0, pos=array([0., 0.]), rgb=UNKNOWN, text='+', units='norm', win=Window(...), wrapWidth=1)
21.2926 	EXP 	Created text_relax = TextStim(__class__=<class 'psychopy.visual.text.TextStim'>, alignHoriz=method-wrapper(...), alignText='center', alignVert=method-wrapper(...), anchorHoriz='center', anchorVert='center', antialias=True, autoDraw=False, autoLog=True, bold=False, color=array([1., 1., 1.]), colorSpace='rgb', contrast=1.0, depth=0.0, draggable=False, flipHoriz=False, flipVert=False, font='Liberation Sans', fontFiles=[], height=np.float64(0.07), italic=False, languageStyle='LTR', name='text_relax', opacity=1, ori=0, pos=array([ 0. , -0.2]), rgb=UNKNOWN, text='Relax', units='norm', win=Window(...), wrapWidth=1)
21.2943 	EXP 	Created text_4 = TextStim(__class__=<class 'psychopy.visual.text.TextStim'>, alignHoriz=method-wrapper(...), alignText='center', alignVert=method-wrapper(...), anchorHoriz='center', anchorVert='center', antialias=True, autoDraw=False, autoLog=True, bold=False, color=array([1., 1., 1.]), colorSpace='rgb', contrast=1.0, depth=-3.0, draggable=False, flipHoriz=False, flipVert=False, font='Liberation Sans', fontFiles=[], height=np.float64(0.1), italic=False, languageStyle='LTR', name='text_4', opacity=1, ori=0, pos=array([0., 0.]), rgb=UNKNOWN, text='default text', units='norm', win=Window(...), wrapWidth=1)
21.2992 	WARNING 	fillRGB parameter is deprecated. Please use lineColor and colorSpace instead
21.2993 	WARNING 	lineRGB parameter is deprecated. Please use lineColor and colorSpace instead
21.3025 	EXP 	Created unnamed Circle = Circle(__class__=<class 'psychopy.visual.circle.Circle'>, anchor=('center', 'center'), autoDraw=False, autoLog=True, closeShape=True, color=method-wrapper(...), colorSpace='rgb', contrast=None, depth=0, draggable=False, fillColor=array([0, 0, 0]), fillColorSpace='rgb', fillRGB=array([0, 0, 0]), interpolate=True, lineColor=array([ 1.,  1., -1.]), lineColorSpace='rgb', lineRGB=array([ 1,  1, -1]), lineWidth=2, name='unnamed Circle', opacity=1, ori=0.0, pos=array([0.        , 0.33333333]), size=array([1., 1.]), units='norm', vertices=ndarray(...), win=Window(...), windingRule=None)
21.3064 	WARNING 	fillRGB parameter is deprecated. Please use lineColor and colorSpace instead
21.3065 	WARNING 	lineRGB parameter is deprecated. Please use lineColor and colorSpace instead
21.3096 	EXP 	Created unnamed Circle = Circle(__class__=<class 'psychopy.visual.circle.Circle'>, anchor=('center', 'center'), autoDraw=False, autoLog=True, closeShape=True, color=method-wrapper(...), colorSpace='rgb', contrast=None, depth=0, draggable=False, fillColor=array([0, 0, 0]), fillColorSpace='rgb', fillRGB=array([0, 0, 0]), interpolate=True, lineColor=array([-1., -1.,  1.]), lineColorSpace='rgb', lineRGB=array([-1, -1,  1]), lineWidth=2, name='unnamed Circle', opacity=1, ori=0.0, pos=array([ 0.        , -0.33333333]), size=array([1., 1.]), units='norm', vertices=ndarray(...), win=Window(...), windingRule=None)
21.3136 	WARNING 	fillRGB parameter is deprecated. Please use lineColor and colorSpace instead
21.3137 	WARNING 	lineRGB parameter is deprecated. Please use lineColor and colorSpace instead
21.3166 	EXP 	Created unnamed Circle = Circle(__class__=<class 'psychopy.visual.circle.Circle'>, anchor=('center', 'center'), autoDraw=False, autoLog=True, closeShape=True, color=method-wrapper(...), colorSpace='rgb', contrast=None, depth=0, draggable=False, fillColor=array([1, 1, 1]), fillColorSpace='rgb', fillRGB=array([1, 1, 1]), interpolate=True, lineColor=array([1., 1., 1.]), lineColorSpace='rgb', lineRGB=array([1, 1, 1]), lineWidth=1.5, name='unnamed Circle', opacity=1, ori=0.0, pos=array([0., 0.]), size=array([1., 1.]), units='norm', vertices=ndarray(...), win=Window(...), windingRule=None)
21.3208 	WARNING 	fillRGB parameter is deprecated. Please use lineColor and colorSpace instead
21.3208 	WARNING 	lineRGB parameter is deprecated. Please use lineColor and colorSpace instead
21.3238 	EXP 	Created unnamed Circle = Circle(__class__=<class 'psychopy.visual.circle.Circle'>, anchor=('center', 'center'), autoDraw=False, autoLog=True, closeShape=True, color=method-wrapper(...), colorSpace='rgb', contrast=None, depth=0, draggable=False, fillColor=array([1, 1, 1]), fillColorSpace='rgb', fillRGB=array([1, 1, 1]), interpolate=True, lineColor=array([1., 1., 1.]), lineColorSpace='rgb', lineRGB=array([1, 1, 1]), lineWidth=3, name='unnamed Circle', opacity=1, ori=0.0, pos=array([0., 0.]), size=array([1., 1.]), units='norm', vertices=ndarray(...), win=Window(...), windingRule=None)
21.3258 	EXP 	Created instruct_text = TextStim(__class__=<class 'psychopy.visual.text.TextStim'>, alignHoriz=method-wrapper(...), alignText='center', alignVert=method-wrapper(...), anchorHoriz='center', anchorVert='center', antialias=True, autoDraw=False, autoLog=True, bold=False, color=array([1., 1., 1.]), colorSpace='rgb', contrast=1.0, depth=0.0, draggable=False, flipHoriz=False, flipVert=False, font='Liberation Sans', fontFiles=[], height=np.float64(0.06), italic=False, languageStyle='LTR', name='instruct_text', opacity=1, ori=0, pos=array([0., 0.]), rgb=UNKNOWN, text='replace me', units='norm', win=Window(...), wrapWidth=1.2)
21.3274 	EXP 	Created thank_you_end_run_text = TextStim(__class__=<class 'psychopy.visual.text.TextStim'>, alignHoriz=method-wrapper(...), alignText='center', alignVert=method-wrapper(...), anchorHoriz='center', anchorVert='center', antialias=True, autoDraw=False, autoLog=True, bold=False, color=array([1., 1., 1.]), colorSpace='rgb', contrast=1.0, depth=0.0, draggable=False, flipHoriz=False, flipVert=False, font='Liberation Sans', fontFiles=[], height=np.float64(0.1), italic=False, languageStyle='LTR', name='thank_you_end_run_text', opacity=1, ori=0, pos=array([0., 0.]), rgb=UNKNOWN, text='thank you!', units='norm', win=Window(...), wrapWidth=1)
21.3351 	EXP 	instruct_text: height = np.float64(0.06)
21.3351 	EXP 	instruct_text: height = np.float64(0.06)
21.3351 	EXP 	instruct_text: height = np.float64(0.06)
21.3351 	EXP 	instruct_text: text = 'Great job! Next, you’ll get to practice Noting for another 2.5min with more brain feedback from the ball. \n\nWhen the ball moves upwards, that corresponds to the Noting Practice.'
22.0370 	DATA 	Mouse: Left button down, pos=(1243,795)
22.1008 	DATA 	Mouse:  Left button up, pos=(1243,795)
22.2421 	DATA 	Keypress: space
22.2518 	EXP 	instruct_text: height = np.float64(0.06)
22.2518 	EXP 	instruct_text: height = np.float64(0.06)
22.2518 	EXP 	instruct_text: height = np.float64(0.06)
22.2518 	EXP 	instruct_text: text = 'You will see the plus sign (+) for 30 seconds at the start. Whenever you see the plus +,  please don’t practice Noting – just relax.\n\nOnce the circles appear, please start the Noting practice. This practice will last 2.5 min.'
22.4928 	DATA 	Keypress: space
22.5018 	EXP 	waiting_for_trigger_text: autoDraw = True
52.5024 	DATA 	Mouse: Left button down, pos=(1032,974)
52.5528 	DATA 	Mouse:  Left button up, pos=(1032,974)
57.8401 	DATA 	Keypress: t
57.8523 	EXP 	waiting_for_trigger_text: autoDraw = False
57.8523 	EXP 	text_2: autoDraw = True
57.8523 	EXP 	text_relax: autoDraw = True
59.0357 	DATA 	Keypress: t
60.2358 	DATA 	Keypress: t
70.1526 	DATA 	Mouse: Left button down, pos=(353,903)
70.1898 	DATA 	Mouse:  Left button up, pos=(353,903)
70.3583 	DATA 	Keypress: escape
